{"C:\\Users\\ASUS\\OneDrive\\CODES\\BudgetTracker-App\\budget-tracker\\src\\contexts\\DataContext.tsx": {"path":"C:\\Users\\ASUS\\OneDrive\\CODES\\BudgetTracker-App\\budget-tracker\\src\\contexts\\DataContext.tsx","statementMap":{"0":{"start":{"line":9,"column":0},"end":{"line":9,"column":102}},"1":{"start":{"line":11,"column":0},"end":{"line":11,"column":79}},"2":{"start":{"line":38,"column":20},"end":{"line":38,"column":74}},"3":{"start":{"line":54,"column":57},"end":{"line":199,"column":1}},"4":{"start":{"line":55,"column":34},"end":{"line":55,"column":62}},"5":{"start":{"line":56,"column":34},"end":{"line":56,"column":62}},"6":{"start":{"line":57,"column":38},"end":{"line":57,"column":62}},"7":{"start":{"line":58,"column":46},"end":{"line":58,"column":65}},"8":{"start":{"line":59,"column":36},"end":{"line":59,"column":59}},"9":{"start":{"line":65,"column":34},"end":{"line":72,"column":8}},"10":{"start":{"line":69,"column":26},"end":{"line":69,"column":84}},"11":{"start":{"line":69,"column":62},"end":{"line":69,"column":80}},"12":{"start":{"line":70,"column":26},"end":{"line":70,"column":84}},"13":{"start":{"line":70,"column":62},"end":{"line":70,"column":80}},"14":{"start":{"line":71,"column":4},"end":{"line":71,"column":41}},"15":{"start":{"line":78,"column":19},"end":{"line":115,"column":31}},"16":{"start":{"line":79,"column":4},"end":{"line":114,"column":5}},"17":{"start":{"line":80,"column":6},"end":{"line":80,"column":25}},"18":{"start":{"line":83,"column":59},"end":{"line":95,"column":8}},"19":{"start":{"line":86,"column":37},"end":{"line":86,"column":80}},"20":{"start":{"line":87,"column":10},"end":{"line":87,"column":49}},"21":{"start":{"line":91,"column":37},"end":{"line":91,"column":80}},"22":{"start":{"line":92,"column":10},"end":{"line":92,"column":49}},"23":{"start":{"line":98,"column":6},"end":{"line":98,"column":32}},"24":{"start":{"line":99,"column":6},"end":{"line":99,"column":32}},"25":{"start":{"line":100,"column":6},"end":{"line":100,"column":36}},"26":{"start":{"line":103,"column":20},"end":{"line":103,"column":71}},"27":{"start":{"line":104,"column":6},"end":{"line":104,"column":31}},"28":{"start":{"line":106,"column":6},"end":{"line":106,"column":64}},"29":{"start":{"line":108,"column":6},"end":{"line":108,"column":22}},"30":{"start":{"line":109,"column":6},"end":{"line":109,"column":22}},"31":{"start":{"line":110,"column":6},"end":{"line":110,"column":24}},"32":{"start":{"line":111,"column":6},"end":{"line":111,"column":27}},"33":{"start":{"line":113,"column":6},"end":{"line":113,"column":26}},"34":{"start":{"line":121,"column":2},"end":{"line":123,"column":17}},"35":{"start":{"line":122,"column":4},"end":{"line":122,"column":15}},"36":{"start":{"line":129,"column":21},"end":{"line":141,"column":51}},"37":{"start":{"line":130,"column":18},"end":{"line":130,"column":58}},"38":{"start":{"line":133,"column":28},"end":{"line":133,"column":48}},"39":{"start":{"line":134,"column":4},"end":{"line":134,"column":33}},"40":{"start":{"line":137,"column":18},"end":{"line":137,"column":68}},"41":{"start":{"line":138,"column":4},"end":{"line":138,"column":29}},"42":{"start":{"line":140,"column":4},"end":{"line":140,"column":17}},"43":{"start":{"line":147,"column":21},"end":{"line":159,"column":51}},"44":{"start":{"line":148,"column":18},"end":{"line":148,"column":69}},"45":{"start":{"line":151,"column":28},"end":{"line":151,"column":48}},"46":{"start":{"line":152,"column":4},"end":{"line":152,"column":33}},"47":{"start":{"line":155,"column":18},"end":{"line":155,"column":68}},"48":{"start":{"line":156,"column":4},"end":{"line":156,"column":29}},"49":{"start":{"line":158,"column":4},"end":{"line":158,"column":17}},"50":{"start":{"line":165,"column":22},"end":{"line":172,"column":18}},"51":{"start":{"line":166,"column":21},"end":{"line":166,"column":63}},"52":{"start":{"line":169,"column":4},"end":{"line":169,"column":45}},"53":{"start":{"line":171,"column":4},"end":{"line":171,"column":20}},"54":{"start":{"line":178,"column":22},"end":{"line":180,"column":16}},"55":{"start":{"line":179,"column":4},"end":{"line":179,"column":21}},"56":{"start":{"line":182,"column":34},"end":{"line":192,"column":4}},"57":{"start":{"line":194,"column":2},"end":{"line":198,"column":4}},"58":{"start":{"line":54,"column":13},"end":{"line":54,"column":57}},"59":{"start":{"line":207,"column":23},"end":{"line":215,"column":1}},"60":{"start":{"line":208,"column":18},"end":{"line":208,"column":41}},"61":{"start":{"line":210,"column":2},"end":{"line":212,"column":3}},"62":{"start":{"line":211,"column":4},"end":{"line":211,"column":66}},"63":{"start":{"line":214,"column":2},"end":{"line":214,"column":17}},"64":{"start":{"line":207,"column":13},"end":{"line":207,"column":23}}},"fnMap":{"0":{"name":"(anonymous_9)","decl":{"start":{"line":54,"column":57},"end":{"line":54,"column":58}},"loc":{"start":{"line":54,"column":74},"end":{"line":199,"column":1}}},"1":{"name":"(anonymous_10)","decl":{"start":{"line":65,"column":46},"end":{"line":65,"column":null}},"loc":{"start":{"line":68,"column":14},"end":{"line":72,"column":3}}},"2":{"name":"(anonymous_11)","decl":{"start":{"line":69,"column":46},"end":{"line":69,"column":47}},"loc":{"start":{"line":69,"column":62},"end":{"line":69,"column":80}}},"3":{"name":"(anonymous_12)","decl":{"start":{"line":70,"column":46},"end":{"line":70,"column":47}},"loc":{"start":{"line":70,"column":62},"end":{"line":70,"column":80}}},"4":{"name":"(anonymous_13)","decl":{"start":{"line":78,"column":31},"end":{"line":78,"column":36}},"loc":{"start":{"line":78,"column":42},"end":{"line":115,"column":3}}},"5":{"name":"(anonymous_14)","decl":{"start":{"line":84,"column":48},"end":{"line":84,"column":53}},"loc":{"start":{"line":84,"column":59},"end":{"line":88,"column":9}}},"6":{"name":"(anonymous_15)","decl":{"start":{"line":86,"column":37},"end":{"line":86,"column":50}},"loc":{"start":{"line":86,"column":37},"end":{"line":86,"column":80}}},"7":{"name":"(anonymous_16)","decl":{"start":{"line":89,"column":47},"end":{"line":89,"column":52}},"loc":{"start":{"line":89,"column":58},"end":{"line":93,"column":9}}},"8":{"name":"(anonymous_17)","decl":{"start":{"line":91,"column":37},"end":{"line":91,"column":50}},"loc":{"start":{"line":91,"column":37},"end":{"line":91,"column":80}}},"9":{"name":"(anonymous_18)","decl":{"start":{"line":121,"column":12},"end":{"line":121,"column":15}},"loc":{"start":{"line":121,"column":17},"end":{"line":123,"column":3}}},"10":{"name":"(anonymous_19)","decl":{"start":{"line":129,"column":33},"end":{"line":129,"column":38}},"loc":{"start":{"line":129,"column":81},"end":{"line":141,"column":3}}},"11":{"name":"(anonymous_20)","decl":{"start":{"line":147,"column":33},"end":{"line":147,"column":38}},"loc":{"start":{"line":147,"column":101},"end":{"line":159,"column":3}}},"12":{"name":"(anonymous_21)","decl":{"start":{"line":165,"column":34},"end":{"line":165,"column":39}},"loc":{"start":{"line":165,"column":76},"end":{"line":172,"column":3}}},"13":{"name":"(anonymous_22)","decl":{"start":{"line":178,"column":34},"end":{"line":178,"column":39}},"loc":{"start":{"line":178,"column":60},"end":{"line":180,"column":3}}},"14":{"name":"(anonymous_23)","decl":{"start":{"line":207,"column":23},"end":{"line":207,"column":44}},"loc":{"start":{"line":207,"column":46},"end":{"line":215,"column":1}}}},"branchMap":{"0":{"loc":{"start":{"line":210,"column":2},"end":{"line":212,"column":3}},"type":"if","locations":[{"start":{"line":210,"column":2},"end":{"line":212,"column":3}},{"start":{},"end":{}}]}},"s":{"0":0,"1":0,"2":0,"3":0,"4":0,"5":0,"6":0,"7":0,"8":0,"9":0,"10":0,"11":0,"12":0,"13":0,"14":0,"15":0,"16":0,"17":0,"18":0,"19":0,"20":0,"21":0,"22":0,"23":0,"24":0,"25":0,"26":0,"27":0,"28":0,"29":0,"30":0,"31":0,"32":0,"33":0,"34":0,"35":0,"36":0,"37":0,"38":0,"39":0,"40":0,"41":0,"42":0,"43":0,"44":0,"45":0,"46":0,"47":0,"48":0,"49":0,"50":0,"51":0,"52":0,"53":0,"54":0,"55":0,"56":0,"57":0,"58":0,"59":0,"60":0,"61":0,"62":0,"63":0,"64":0},"f":{"0":0,"1":0,"2":0,"3":0,"4":0,"5":0,"6":0,"7":0,"8":0,"9":0,"10":0,"11":0,"12":0,"13":0,"14":0},"b":{"0":[0,0]}}
,"C:\\Users\\ASUS\\OneDrive\\CODES\\BudgetTracker-App\\budget-tracker\\src\\contexts\\ThemeContext.tsx": {"path":"C:\\Users\\ASUS\\OneDrive\\CODES\\BudgetTracker-App\\budget-tracker\\src\\contexts\\ThemeContext.tsx","statementMap":{"0":{"start":{"line":9,"column":0},"end":{"line":9,"column":102}},"1":{"start":{"line":11,"column":0},"end":{"line":11,"column":43}},"2":{"start":{"line":31,"column":21},"end":{"line":31,"column":76}},"3":{"start":{"line":47,"column":59},"end":{"line":122,"column":1}},"4":{"start":{"line":48,"column":33},"end":{"line":48,"column":80}},"5":{"start":{"line":49,"column":36},"end":{"line":49,"column":59}},"6":{"start":{"line":55,"column":2},"end":{"line":71,"column":9}},"7":{"start":{"line":56,"column":22},"end":{"line":68,"column":5}},"8":{"start":{"line":57,"column":6},"end":{"line":67,"column":7}},"9":{"start":{"line":58,"column":8},"end":{"line":58,"column":27}},"10":{"start":{"line":59,"column":28},"end":{"line":59,"column":57}},"11":{"start":{"line":60,"column":8},"end":{"line":60,"column":35}},"12":{"start":{"line":62,"column":8},"end":{"line":62,"column":67}},"13":{"start":{"line":64,"column":8},"end":{"line":64,"column":54}},"14":{"start":{"line":66,"column":8},"end":{"line":66,"column":28}},"15":{"start":{"line":70,"column":4},"end":{"line":70,"column":16}},"16":{"start":{"line":79,"column":19},"end":{"line":90,"column":8}},"17":{"start":{"line":80,"column":4},"end":{"line":89,"column":5}},"18":{"start":{"line":82,"column":6},"end":{"line":82,"column":41}},"19":{"start":{"line":85,"column":6},"end":{"line":85,"column":45}},"20":{"start":{"line":87,"column":6},"end":{"line":87,"column":51}},"21":{"start":{"line":88,"column":6},"end":{"line":88,"column":18}},"22":{"start":{"line":98,"column":25},"end":{"line":108,"column":8}},"23":{"start":{"line":99,"column":25},"end":{"line":99,"column":55}},"24":{"start":{"line":100,"column":4},"end":{"line":100,"column":32}},"25":{"start":{"line":103,"column":4},"end":{"line":105,"column":7}},"26":{"start":{"line":104,"column":6},"end":{"line":104,"column":63}},"27":{"start":{"line":107,"column":4},"end":{"line":107,"column":24}},"28":{"start":{"line":110,"column":35},"end":{"line":115,"column":4}},"29":{"start":{"line":117,"column":2},"end":{"line":121,"column":4}},"30":{"start":{"line":47,"column":13},"end":{"line":47,"column":59}},"31":{"start":{"line":130,"column":24},"end":{"line":138,"column":1}},"32":{"start":{"line":131,"column":18},"end":{"line":131,"column":42}},"33":{"start":{"line":133,"column":2},"end":{"line":135,"column":3}},"34":{"start":{"line":134,"column":4},"end":{"line":134,"column":68}},"35":{"start":{"line":137,"column":2},"end":{"line":137,"column":17}},"36":{"start":{"line":130,"column":13},"end":{"line":130,"column":24}}},"fnMap":{"0":{"name":"(anonymous_9)","decl":{"start":{"line":47,"column":59},"end":{"line":47,"column":60}},"loc":{"start":{"line":47,"column":76},"end":{"line":122,"column":1}}},"1":{"name":"(anonymous_10)","decl":{"start":{"line":55,"column":12},"end":{"line":55,"column":15}},"loc":{"start":{"line":55,"column":17},"end":{"line":71,"column":3}}},"2":{"name":"(anonymous_11)","decl":{"start":{"line":56,"column":22},"end":{"line":56,"column":27}},"loc":{"start":{"line":56,"column":33},"end":{"line":68,"column":5}}},"3":{"name":"(anonymous_12)","decl":{"start":{"line":79,"column":31},"end":{"line":79,"column":36}},"loc":{"start":{"line":79,"column":70},"end":{"line":90,"column":3}}},"4":{"name":"(anonymous_13)","decl":{"start":{"line":98,"column":37},"end":{"line":98,"column":47}},"loc":{"start":{"line":98,"column":49},"end":{"line":108,"column":3}}},"5":{"name":"(anonymous_14)","decl":{"start":{"line":103,"column":59},"end":{"line":103,"column":60}},"loc":{"start":{"line":103,"column":69},"end":{"line":105,"column":5}}},"6":{"name":"(anonymous_15)","decl":{"start":{"line":130,"column":24},"end":{"line":130,"column":46}},"loc":{"start":{"line":130,"column":48},"end":{"line":138,"column":1}}}},"branchMap":{"0":{"loc":{"start":{"line":133,"column":2},"end":{"line":135,"column":3}},"type":"if","locations":[{"start":{"line":133,"column":2},"end":{"line":135,"column":3}},{"start":{},"end":{}}]}},"s":{"0":0,"1":0,"2":0,"3":0,"4":0,"5":0,"6":0,"7":0,"8":0,"9":0,"10":0,"11":0,"12":0,"13":0,"14":0,"15":0,"16":0,"17":0,"18":0,"19":0,"20":0,"21":0,"22":0,"23":0,"24":0,"25":0,"26":0,"27":0,"28":0,"29":0,"30":0,"31":0,"32":0,"33":0,"34":0,"35":0,"36":0},"f":{"0":0,"1":0,"2":0,"3":0,"4":0,"5":0,"6":0},"b":{"0":[0,0]}}
,"C:\\Users\\ASUS\\OneDrive\\CODES\\BudgetTracker-App\\budget-tracker\\src\\contexts\\index.ts": {"path":"C:\\Users\\ASUS\\OneDrive\\CODES\\BudgetTracker-App\\budget-tracker\\src\\contexts\\index.ts","statementMap":{"0":{"start":{"line":7,"column":0},"end":{"line":7,"column":9}},"1":{"start":{"line":7,"column":9},"end":{"line":7,"column":23}},"2":{"start":{"line":7,"column":23},"end":{"line":7,"column":54}},"3":{"start":{"line":8,"column":0},"end":{"line":8,"column":9}},"4":{"start":{"line":8,"column":9},"end":{"line":8,"column":24}},"5":{"start":{"line":8,"column":24},"end":{"line":8,"column":57}}},"fnMap":{"0":{"name":"(anonymous_0)","decl":{"start":{"line":7,"column":9},"end":{"line":7,"column":21}},"loc":{"start":{"line":7,"column":9},"end":{"line":7,"column":23}}},"1":{"name":"(anonymous_1)","decl":{"start":{"line":7,"column":23},"end":{"line":7,"column":30}},"loc":{"start":{"line":7,"column":23},"end":{"line":7,"column":54}}},"2":{"name":"(anonymous_2)","decl":{"start":{"line":8,"column":9},"end":{"line":8,"column":22}},"loc":{"start":{"line":8,"column":9},"end":{"line":8,"column":24}}},"3":{"name":"(anonymous_3)","decl":{"start":{"line":8,"column":24},"end":{"line":8,"column":32}},"loc":{"start":{"line":8,"column":24},"end":{"line":8,"column":57}}}},"branchMap":{},"s":{"0":0,"1":0,"2":0,"3":0,"4":0,"5":0},"f":{"0":0,"1":0,"2":0,"3":0},"b":{}}
,"C:\\Users\\ASUS\\OneDrive\\CODES\\BudgetTracker-App\\budget-tracker\\src\\managers\\analytics.manager.ts": {"path":"C:\\Users\\ASUS\\OneDrive\\CODES\\BudgetTracker-App\\budget-tracker\\src\\managers\\analytics.manager.ts","statementMap":{"0":{"start":{"line":9,"column":0},"end":{"line":9,"column":61}},"1":{"start":{"line":10,"column":0},"end":{"line":10,"column":53}},"2":{"start":{"line":35,"column":21},"end":{"line":35,"column":58}},"3":{"start":{"line":38,"column":26},"end":{"line":38,"column":66}},"4":{"start":{"line":41,"column":26},"end":{"line":41,"column":84}},"5":{"start":{"line":41,"column":60},"end":{"line":41,"column":80}},"6":{"start":{"line":44,"column":27},"end":{"line":44,"column":52}},"7":{"start":{"line":46,"column":4},"end":{"line":49,"column":5}},"8":{"start":{"line":47,"column":27},"end":{"line":47,"column":70}},"9":{"start":{"line":48,"column":6},"end":{"line":48,"column":76}},"10":{"start":{"line":52,"column":53},"end":{"line":52,"column":55}},"11":{"start":{"line":54,"column":4},"end":{"line":67,"column":5}},"12":{"start":{"line":55,"column":26},"end":{"line":55,"column":62}},"13":{"start":{"line":59,"column":25},"end":{"line":59,"column":84}},"14":{"start":{"line":61,"column":6},"end":{"line":66,"column":9}},"15":{"start":{"line":70,"column":4},"end":{"line":70,"column":71}},"16":{"start":{"line":70,"column":40},"end":{"line":70,"column":69}},"17":{"start":{"line":74,"column":4},"end":{"line":76,"column":7}},"18":{"start":{"line":75,"column":6},"end":{"line":75,"column":28}},"19":{"start":{"line":78,"column":4},"end":{"line":78,"column":32}},"20":{"start":{"line":88,"column":21},"end":{"line":88,"column":58}},"21":{"start":{"line":89,"column":4},"end":{"line":89,"column":74}},"22":{"start":{"line":89,"column":47},"end":{"line":89,"column":69}},"23":{"start":{"line":96,"column":13},"end":{"line":96,"column":57}}},"fnMap":{"0":{"name":"(anonymous_0)","decl":{"start":{"line":33,"column":2},"end":{"line":33,"column":7}},"loc":{"start":{"line":33,"column":27},"end":{"line":79,"column":3}}},"1":{"name":"(anonymous_1)","decl":{"start":{"line":41,"column":42},"end":{"line":41,"column":43}},"loc":{"start":{"line":41,"column":60},"end":{"line":41,"column":80}}},"2":{"name":"(anonymous_2)","decl":{"start":{"line":70,"column":30},"end":{"line":70,"column":31}},"loc":{"start":{"line":70,"column":40},"end":{"line":70,"column":69}}},"3":{"name":"(anonymous_3)","decl":{"start":{"line":74,"column":33},"end":{"line":74,"column":34}},"loc":{"start":{"line":74,"column":49},"end":{"line":76,"column":5}}},"4":{"name":"(anonymous_4)","decl":{"start":{"line":87,"column":2},"end":{"line":87,"column":7}},"loc":{"start":{"line":87,"column":24},"end":{"line":90,"column":3}}},"5":{"name":"(anonymous_5)","decl":{"start":{"line":89,"column":27},"end":{"line":89,"column":28}},"loc":{"start":{"line":89,"column":47},"end":{"line":89,"column":69}}}},"branchMap":{"0":{"loc":{"start":{"line":47,"column":27},"end":{"line":47,"column":70}},"type":"binary-expr","locations":[{"start":{"line":47,"column":27},"end":{"line":47,"column":65}},{"start":{"line":47,"column":69},"end":{"line":47,"column":70}}]},"1":{"loc":{"start":{"line":55,"column":26},"end":{"line":55,"column":62}},"type":"binary-expr","locations":[{"start":{"line":55,"column":26},"end":{"line":55,"column":57}},{"start":{"line":55,"column":61},"end":{"line":55,"column":62}}]},"2":{"loc":{"start":{"line":59,"column":25},"end":{"line":59,"column":84}},"type":"cond-expr","locations":[{"start":{"line":59,"column":45},"end":{"line":59,"column":80}},{"start":{"line":59,"column":83},"end":{"line":59,"column":84}}]}},"s":{"0":1,"1":1,"2":8,"3":8,"4":8,"5":16,"6":8,"7":8,"8":16,"9":16,"10":8,"11":8,"12":25,"13":25,"14":25,"15":8,"16":21,"17":8,"18":25,"19":8,"20":2,"21":2,"22":3,"23":1},"f":{"0":8,"1":16,"2":21,"3":25,"4":2,"5":3},"b":{"0":[16,13],"1":[25,12],"2":[22,3]}}
,"C:\\Users\\ASUS\\OneDrive\\CODES\\BudgetTracker-App\\budget-tracker\\src\\managers\\budget.manager.ts": {"path":"C:\\Users\\ASUS\\OneDrive\\CODES\\BudgetTracker-App\\budget-tracker\\src\\managers\\budget.manager.ts","statementMap":{"0":{"start":{"line":8,"column":0},"end":{"line":8,"column":44}},"1":{"start":{"line":35,"column":4},"end":{"line":37,"column":5}},"2":{"start":{"line":36,"column":6},"end":{"line":36,"column":61}},"3":{"start":{"line":40,"column":4},"end":{"line":42,"column":5}},"4":{"start":{"line":41,"column":6},"end":{"line":41,"column":65}},"5":{"start":{"line":45,"column":25},"end":{"line":45,"column":65}},"6":{"start":{"line":49,"column":26},"end":{"line":49,"column":63}},"7":{"start":{"line":50,"column":24},"end":{"line":50,"column":55}},"8":{"start":{"line":52,"column":4},"end":{"line":58,"column":6}},"9":{"start":{"line":74,"column":27},"end":{"line":74,"column":63}},"10":{"start":{"line":77,"column":4},"end":{"line":77,"column":30}},"11":{"start":{"line":84,"column":13},"end":{"line":84,"column":59}}},"fnMap":{"0":{"name":"(anonymous_0)","decl":{"start":{"line":33,"column":2},"end":{"line":33,"column":22}},"loc":{"start":{"line":33,"column":78},"end":{"line":59,"column":3}}},"1":{"name":"(anonymous_1)","decl":{"start":{"line":71,"column":2},"end":{"line":71,"column":17}},"loc":{"start":{"line":71,"column":48},"end":{"line":78,"column":3}}}},"branchMap":{"0":{"loc":{"start":{"line":35,"column":4},"end":{"line":37,"column":5}},"type":"if","locations":[{"start":{"line":35,"column":4},"end":{"line":37,"column":5}},{"start":{},"end":{}}]},"1":{"loc":{"start":{"line":40,"column":4},"end":{"line":42,"column":5}},"type":"if","locations":[{"start":{"line":40,"column":4},"end":{"line":42,"column":5}},{"start":{},"end":{}}]},"2":{"loc":{"start":{"line":49,"column":26},"end":{"line":49,"column":63}},"type":"cond-expr","locations":[{"start":{"line":49,"column":47},"end":{"line":49,"column":48}},{"start":{"line":49,"column":51},"end":{"line":49,"column":63}}]}},"s":{"0":1,"1":9,"2":1,"3":8,"4":1,"5":7,"6":7,"7":7,"8":7,"9":14,"10":14,"11":1},"f":{"0":9,"1":14},"b":{"0":[1,8],"1":[1,7],"2":[0,7]}}
,"C:\\Users\\ASUS\\OneDrive\\CODES\\BudgetTracker-App\\budget-tracker\\src\\managers\\category.manager.ts": {"path":"C:\\Users\\ASUS\\OneDrive\\CODES\\BudgetTracker-App\\budget-tracker\\src\\managers\\category.manager.ts","statementMap":{"0":{"start":{"line":8,"column":0},"end":{"line":8,"column":36}},"1":{"start":{"line":10,"column":0},"end":{"line":10,"column":61}},"2":{"start":{"line":11,"column":0},"end":{"line":11,"column":72}},"3":{"start":{"line":17,"column":39},"end":{"line":21,"column":2}},"4":{"start":{"line":112,"column":9},"end":{"line":112,"column":27}},"5":{"start":{"line":47,"column":23},"end":{"line":47,"column":54}},"6":{"start":{"line":48,"column":4},"end":{"line":50,"column":5}},"7":{"start":{"line":49,"column":6},"end":{"line":49,"column":67}},"8":{"start":{"line":53,"column":15},"end":{"line":53,"column":23}},"9":{"start":{"line":56,"column":31},"end":{"line":60,"column":6}},"10":{"start":{"line":63,"column":4},"end":{"line":63,"column":48}},"11":{"start":{"line":65,"column":4},"end":{"line":65,"column":20}},"12":{"start":{"line":76,"column":4},"end":{"line":76,"column":40}},"13":{"start":{"line":87,"column":29},"end":{"line":87,"column":68}},"14":{"start":{"line":90,"column":4},"end":{"line":90,"column":56}},"15":{"start":{"line":100,"column":4},"end":{"line":100,"column":35}},"16":{"start":{"line":107,"column":13},"end":{"line":107,"column":57}}},"fnMap":{"0":{"name":"(anonymous_0)","decl":{"start":{"line":45,"column":2},"end":{"line":45,"column":7}},"loc":{"start":{"line":45,"column":35},"end":{"line":66,"column":3}}},"1":{"name":"(anonymous_1)","decl":{"start":{"line":75,"column":2},"end":{"line":75,"column":22}},"loc":{"start":{"line":75,"column":35},"end":{"line":77,"column":3}}},"2":{"name":"(anonymous_2)","decl":{"start":{"line":85,"column":2},"end":{"line":85,"column":7}},"loc":{"start":{"line":85,"column":24},"end":{"line":91,"column":3}}},"3":{"name":"(anonymous_3)","decl":{"start":{"line":99,"column":2},"end":{"line":99,"column":22}},"loc":{"start":{"line":99,"column":22},"end":{"line":101,"column":3}}}},"branchMap":{"0":{"loc":{"start":{"line":48,"column":4},"end":{"line":50,"column":5}},"type":"if","locations":[{"start":{"line":48,"column":4},"end":{"line":50,"column":5}},{"start":{},"end":{}}]},"1":{"loc":{"start":{"line":49,"column":22},"end":{"line":49,"column":65}},"type":"binary-expr","locations":[{"start":{"line":49,"column":22},"end":{"line":49,"column":38}},{"start":{"line":49,"column":42},"end":{"line":49,"column":65}}]}},"s":{"0":2,"1":2,"2":2,"3":2,"4":2,"5":7,"6":7,"7":2,"8":5,"9":5,"10":5,"11":5,"12":11,"13":4,"14":3,"15":4,"16":2},"f":{"0":7,"1":11,"2":4,"3":4},"b":{"0":[2,5],"1":[2,0]}}
,"C:\\Users\\ASUS\\OneDrive\\CODES\\BudgetTracker-App\\budget-tracker\\src\\managers\\data.manager.ts": {"path":"C:\\Users\\ASUS\\OneDrive\\CODES\\BudgetTracker-App\\budget-tracker\\src\\managers\\data.manager.ts","statementMap":{"0":{"start":{"line":9,"column":0},"end":{"line":9,"column":61}},"1":{"start":{"line":10,"column":0},"end":{"line":10,"column":53}},"2":{"start":{"line":11,"column":0},"end":{"line":11,"column":51}},"3":{"start":{"line":37,"column":22},"end":{"line":37,"column":50}},"4":{"start":{"line":40,"column":20},"end":{"line":40,"column":61}},"5":{"start":{"line":43,"column":4},"end":{"line":43,"column":54}},"6":{"start":{"line":56,"column":24},"end":{"line":56,"column":61}},"7":{"start":{"line":57,"column":24},"end":{"line":57,"column":61}},"8":{"start":{"line":60,"column":29},"end":{"line":60,"column":87}},"9":{"start":{"line":61,"column":29},"end":{"line":61,"column":87}},"10":{"start":{"line":64,"column":31},"end":{"line":64,"column":70}},"11":{"start":{"line":64,"column":61},"end":{"line":64,"column":69}},"12":{"start":{"line":65,"column":31},"end":{"line":65,"column":70}},"13":{"start":{"line":65,"column":61},"end":{"line":65,"column":69}},"14":{"start":{"line":68,"column":4},"end":{"line":68,"column":60}},"15":{"start":{"line":69,"column":4},"end":{"line":69,"column":60}},"16":{"start":{"line":72,"column":26},"end":{"line":72,"column":66}},"17":{"start":{"line":73,"column":26},"end":{"line":73,"column":65}},"18":{"start":{"line":74,"column":30},"end":{"line":74,"column":59}},"19":{"start":{"line":76,"column":4},"end":{"line":80,"column":6}},"20":{"start":{"line":93,"column":24},"end":{"line":93,"column":61}},"21":{"start":{"line":94,"column":24},"end":{"line":94,"column":61}},"22":{"start":{"line":97,"column":28},"end":{"line":97,"column":86}},"23":{"start":{"line":98,"column":28},"end":{"line":98,"column":86}},"24":{"start":{"line":100,"column":4},"end":{"line":103,"column":6}},"25":{"start":{"line":120,"column":27},"end":{"line":120,"column":46}},"26":{"start":{"line":121,"column":25},"end":{"line":121,"column":42}},"27":{"start":{"line":123,"column":4},"end":{"line":125,"column":7}},"28":{"start":{"line":124,"column":6},"end":{"line":124,"column":82}},"29":{"start":{"line":132,"column":13},"end":{"line":132,"column":49}}},"fnMap":{"0":{"name":"(anonymous_0)","decl":{"start":{"line":34,"column":2},"end":{"line":34,"column":7}},"loc":{"start":{"line":34,"column":49},"end":{"line":44,"column":3}}},"1":{"name":"(anonymous_1)","decl":{"start":{"line":54,"column":2},"end":{"line":54,"column":7}},"loc":{"start":{"line":54,"column":56},"end":{"line":81,"column":3}}},"2":{"name":"(anonymous_2)","decl":{"start":{"line":64,"column":52},"end":{"line":64,"column":57}},"loc":{"start":{"line":64,"column":61},"end":{"line":64,"column":69}}},"3":{"name":"(anonymous_3)","decl":{"start":{"line":65,"column":52},"end":{"line":65,"column":57}},"loc":{"start":{"line":65,"column":61},"end":{"line":65,"column":69}}},"4":{"name":"(anonymous_4)","decl":{"start":{"line":91,"column":2},"end":{"line":91,"column":7}},"loc":{"start":{"line":91,"column":56},"end":{"line":104,"column":3}}},"5":{"name":"(anonymous_5)","decl":{"start":{"line":115,"column":10},"end":{"line":115,"column":30}},"loc":{"start":{"line":118,"column":17},"end":{"line":126,"column":3}}},"6":{"name":"(anonymous_6)","decl":{"start":{"line":123,"column":26},"end":{"line":123,"column":31}},"loc":{"start":{"line":123,"column":34},"end":{"line":125,"column":5}}}},"branchMap":{"0":{"loc":{"start":{"line":124,"column":13},"end":{"line":124,"column":81}},"type":"binary-expr","locations":[{"start":{"line":124,"column":13},"end":{"line":124,"column":46}},{"start":{"line":124,"column":50},"end":{"line":124,"column":81}}]}},"s":{"0":1,"1":1,"2":1,"3":4,"4":4,"5":4,"6":8,"7":8,"8":8,"9":8,"10":8,"11":9,"12":8,"13":3,"14":8,"15":8,"16":8,"17":8,"18":8,"19":8,"20":4,"21":4,"22":4,"23":4,"24":4,"25":24,"26":24,"27":24,"28":37,"29":1},"f":{"0":4,"1":8,"2":9,"3":3,"4":4,"5":24,"6":37},"b":{"0":[37,26]}}
,"C:\\Users\\ASUS\\OneDrive\\CODES\\BudgetTracker-App\\budget-tracker\\src\\managers\\earnings.manager.ts": {"path":"C:\\Users\\ASUS\\OneDrive\\CODES\\BudgetTracker-App\\budget-tracker\\src\\managers\\earnings.manager.ts","statementMap":{"0":{"start":{"line":8,"column":0},"end":{"line":8,"column":36}},"1":{"start":{"line":10,"column":0},"end":{"line":10,"column":61}},"2":{"start":{"line":11,"column":0},"end":{"line":11,"column":72}},"3":{"start":{"line":36,"column":4},"end":{"line":38,"column":5}},"4":{"start":{"line":37,"column":6},"end":{"line":37,"column":58}},"5":{"start":{"line":41,"column":15},"end":{"line":41,"column":23}},"6":{"start":{"line":44,"column":22},"end":{"line":44,"column":32}},"7":{"start":{"line":47,"column":32},"end":{"line":51,"column":6}},"8":{"start":{"line":54,"column":4},"end":{"line":54,"column":44}},"9":{"start":{"line":56,"column":4},"end":{"line":56,"column":17}},"10":{"start":{"line":67,"column":4},"end":{"line":67,"column":42}},"11":{"start":{"line":77,"column":21},"end":{"line":77,"column":58}},"12":{"start":{"line":78,"column":4},"end":{"line":78,"column":70}},"13":{"start":{"line":78,"column":45},"end":{"line":78,"column":65}},"14":{"start":{"line":85,"column":13},"end":{"line":85,"column":57}}},"fnMap":{"0":{"name":"(anonymous_0)","decl":{"start":{"line":34,"column":2},"end":{"line":34,"column":7}},"loc":{"start":{"line":34,"column":33},"end":{"line":57,"column":3}}},"1":{"name":"(anonymous_1)","decl":{"start":{"line":66,"column":2},"end":{"line":66,"column":16}},"loc":{"start":{"line":66,"column":31},"end":{"line":68,"column":3}}},"2":{"name":"(anonymous_2)","decl":{"start":{"line":76,"column":2},"end":{"line":76,"column":7}},"loc":{"start":{"line":76,"column":24},"end":{"line":79,"column":3}}},"3":{"name":"(anonymous_3)","decl":{"start":{"line":78,"column":27},"end":{"line":78,"column":28}},"loc":{"start":{"line":78,"column":45},"end":{"line":78,"column":65}}}},"branchMap":{"0":{"loc":{"start":{"line":36,"column":4},"end":{"line":38,"column":5}},"type":"if","locations":[{"start":{"line":36,"column":4},"end":{"line":38,"column":5}},{"start":{},"end":{}}]}},"s":{"0":2,"1":2,"2":2,"3":8,"4":2,"5":6,"6":6,"7":6,"8":6,"9":6,"10":5,"11":3,"12":3,"13":4,"14":2},"f":{"0":8,"1":5,"2":3,"3":4},"b":{"0":[2,6]}}
,"C:\\Users\\ASUS\\OneDrive\\CODES\\BudgetTracker-App\\budget-tracker\\src\\managers\\expense.manager.ts": {"path":"C:\\Users\\ASUS\\OneDrive\\CODES\\BudgetTracker-App\\budget-tracker\\src\\managers\\expense.manager.ts","statementMap":{"0":{"start":{"line":8,"column":0},"end":{"line":8,"column":36}},"1":{"start":{"line":10,"column":0},"end":{"line":10,"column":61}},"2":{"start":{"line":11,"column":0},"end":{"line":11,"column":72}},"3":{"start":{"line":12,"column":0},"end":{"line":12,"column":53}},"4":{"start":{"line":39,"column":4},"end":{"line":41,"column":5}},"5":{"start":{"line":40,"column":6},"end":{"line":40,"column":58}},"6":{"start":{"line":44,"column":4},"end":{"line":46,"column":5}},"7":{"start":{"line":45,"column":6},"end":{"line":45,"column":49}},"8":{"start":{"line":49,"column":26},"end":{"line":49,"column":66}},"9":{"start":{"line":50,"column":27},"end":{"line":50,"column":75}},"10":{"start":{"line":50,"column":53},"end":{"line":50,"column":74}},"11":{"start":{"line":52,"column":4},"end":{"line":54,"column":5}},"12":{"start":{"line":53,"column":6},"end":{"line":53,"column":70}},"13":{"start":{"line":57,"column":15},"end":{"line":57,"column":23}},"14":{"start":{"line":60,"column":22},"end":{"line":60,"column":32}},"15":{"start":{"line":63,"column":32},"end":{"line":68,"column":6}},"16":{"start":{"line":71,"column":4},"end":{"line":71,"column":44}},"17":{"start":{"line":73,"column":4},"end":{"line":73,"column":17}},"18":{"start":{"line":84,"column":4},"end":{"line":84,"column":42}},"19":{"start":{"line":94,"column":21},"end":{"line":94,"column":58}},"20":{"start":{"line":95,"column":4},"end":{"line":95,"column":70}},"21":{"start":{"line":95,"column":45},"end":{"line":95,"column":65}},"22":{"start":{"line":106,"column":21},"end":{"line":106,"column":58}},"23":{"start":{"line":107,"column":4},"end":{"line":107,"column":69}},"24":{"start":{"line":107,"column":36},"end":{"line":107,"column":67}},"25":{"start":{"line":114,"column":13},"end":{"line":114,"column":55}}},"fnMap":{"0":{"name":"(anonymous_0)","decl":{"start":{"line":37,"column":2},"end":{"line":37,"column":7}},"loc":{"start":{"line":37,"column":53},"end":{"line":74,"column":3}}},"1":{"name":"(anonymous_1)","decl":{"start":{"line":50,"column":46},"end":{"line":50,"column":49}},"loc":{"start":{"line":50,"column":53},"end":{"line":50,"column":74}}},"2":{"name":"(anonymous_2)","decl":{"start":{"line":83,"column":2},"end":{"line":83,"column":16}},"loc":{"start":{"line":83,"column":31},"end":{"line":85,"column":3}}},"3":{"name":"(anonymous_3)","decl":{"start":{"line":93,"column":2},"end":{"line":93,"column":7}},"loc":{"start":{"line":93,"column":24},"end":{"line":96,"column":3}}},"4":{"name":"(anonymous_4)","decl":{"start":{"line":95,"column":27},"end":{"line":95,"column":28}},"loc":{"start":{"line":95,"column":45},"end":{"line":95,"column":65}}},"5":{"name":"(anonymous_5)","decl":{"start":{"line":105,"column":2},"end":{"line":105,"column":7}},"loc":{"start":{"line":105,"column":48},"end":{"line":108,"column":3}}},"6":{"name":"(anonymous_6)","decl":{"start":{"line":107,"column":27},"end":{"line":107,"column":32}},"loc":{"start":{"line":107,"column":36},"end":{"line":107,"column":67}}}},"branchMap":{"0":{"loc":{"start":{"line":39,"column":4},"end":{"line":41,"column":5}},"type":"if","locations":[{"start":{"line":39,"column":4},"end":{"line":41,"column":5}},{"start":{},"end":{}}]},"1":{"loc":{"start":{"line":44,"column":4},"end":{"line":46,"column":5}},"type":"if","locations":[{"start":{"line":44,"column":4},"end":{"line":46,"column":5}},{"start":{},"end":{}}]},"2":{"loc":{"start":{"line":44,"column":8},"end":{"line":44,"column":47}},"type":"binary-expr","locations":[{"start":{"line":44,"column":8},"end":{"line":44,"column":19}},{"start":{"line":44,"column":23},"end":{"line":44,"column":47}}]},"3":{"loc":{"start":{"line":52,"column":4},"end":{"line":54,"column":5}},"type":"if","locations":[{"start":{"line":52,"column":4},"end":{"line":54,"column":5}},{"start":{},"end":{}}]}},"s":{"0":2,"1":2,"2":2,"3":2,"4":13,"5":2,"6":11,"7":2,"8":9,"9":9,"10":15,"11":9,"12":1,"13":8,"14":8,"15":8,"16":8,"17":8,"18":5,"19":3,"20":3,"21":4,"22":4,"23":4,"24":20,"25":2},"f":{"0":13,"1":15,"2":5,"3":3,"4":4,"5":4,"6":20},"b":{"0":[2,11],"1":[2,9],"2":[11,10],"3":[1,8]}}
,"C:\\Users\\ASUS\\OneDrive\\CODES\\BudgetTracker-App\\budget-tracker\\src\\managers\\index.ts": {"path":"C:\\Users\\ASUS\\OneDrive\\CODES\\BudgetTracker-App\\budget-tracker\\src\\managers\\index.ts","statementMap":{"0":{"start":{"line":7,"column":0},"end":{"line":7,"column":9}},"1":{"start":{"line":7,"column":9},"end":{"line":7,"column":75}},"2":{"start":{"line":8,"column":0},"end":{"line":8,"column":9}},"3":{"start":{"line":8,"column":9},"end":{"line":8,"column":48}},"4":{"start":{"line":8,"column":48},"end":{"line":8,"column":95}},"5":{"start":{"line":9,"column":0},"end":{"line":9,"column":9}},"6":{"start":{"line":9,"column":9},"end":{"line":9,"column":72}},"7":{"start":{"line":10,"column":0},"end":{"line":10,"column":9}},"8":{"start":{"line":10,"column":9},"end":{"line":10,"column":75}},"9":{"start":{"line":11,"column":0},"end":{"line":11,"column":9}},"10":{"start":{"line":11,"column":9},"end":{"line":11,"column":76}},"11":{"start":{"line":12,"column":0},"end":{"line":12,"column":9}},"12":{"start":{"line":12,"column":9},"end":{"line":12,"column":63}},"13":{"start":{"line":13,"column":0},"end":{"line":13,"column":9}},"14":{"start":{"line":13,"column":9},"end":{"line":13,"column":66}}},"fnMap":{"0":{"name":"(anonymous_0)","decl":{"start":{"line":7,"column":9},"end":{"line":7,"column":24}},"loc":{"start":{"line":7,"column":9},"end":{"line":7,"column":75}}},"1":{"name":"(anonymous_1)","decl":{"start":{"line":8,"column":9},"end":{"line":8,"column":24}},"loc":{"start":{"line":8,"column":9},"end":{"line":8,"column":48}}},"2":{"name":"(anonymous_2)","decl":{"start":{"line":8,"column":48},"end":{"line":8,"column":66}},"loc":{"start":{"line":8,"column":48},"end":{"line":8,"column":95}}},"3":{"name":"(anonymous_3)","decl":{"start":{"line":9,"column":9},"end":{"line":9,"column":23}},"loc":{"start":{"line":9,"column":9},"end":{"line":9,"column":72}}},"4":{"name":"(anonymous_4)","decl":{"start":{"line":10,"column":9},"end":{"line":10,"column":25}},"loc":{"start":{"line":10,"column":9},"end":{"line":10,"column":75}}},"5":{"name":"(anonymous_5)","decl":{"start":{"line":11,"column":9},"end":{"line":11,"column":24}},"loc":{"start":{"line":11,"column":9},"end":{"line":11,"column":76}}},"6":{"name":"(anonymous_6)","decl":{"start":{"line":12,"column":9},"end":{"line":12,"column":20}},"loc":{"start":{"line":12,"column":9},"end":{"line":12,"column":63}}},"7":{"name":"(anonymous_7)","decl":{"start":{"line":13,"column":9},"end":{"line":13,"column":21}},"loc":{"start":{"line":13,"column":9},"end":{"line":13,"column":66}}}},"branchMap":{},"s":{"0":0,"1":0,"2":0,"3":0,"4":0,"5":0,"6":0,"7":0,"8":0,"9":0,"10":0,"11":0,"12":0,"13":0,"14":0},"f":{"0":0,"1":0,"2":0,"3":0,"4":0,"5":0,"6":0,"7":0},"b":{}}
,"C:\\Users\\ASUS\\OneDrive\\CODES\\BudgetTracker-App\\budget-tracker\\src\\managers\\theme.manager.ts": {"path":"C:\\Users\\ASUS\\OneDrive\\CODES\\BudgetTracker-App\\budget-tracker\\src\\managers\\theme.manager.ts","statementMap":{"0":{"start":{"line":9,"column":0},"end":{"line":9,"column":61}},"1":{"start":{"line":15,"column":29},"end":{"line":17,"column":2}},"2":{"start":{"line":39,"column":25},"end":{"line":41,"column":6}},"3":{"start":{"line":44,"column":4},"end":{"line":44,"column":42}},"4":{"start":{"line":55,"column":24},"end":{"line":55,"column":55}},"5":{"start":{"line":58,"column":4},"end":{"line":58,"column":40}},"6":{"start":{"line":68,"column":4},"end":{"line":68,"column":32}},"7":{"start":{"line":75,"column":13},"end":{"line":75,"column":51}}},"fnMap":{"0":{"name":"(anonymous_0)","decl":{"start":{"line":38,"column":2},"end":{"line":38,"column":7}},"loc":{"start":{"line":38,"column":30},"end":{"line":45,"column":3}}},"1":{"name":"(anonymous_1)","decl":{"start":{"line":53,"column":2},"end":{"line":53,"column":7}},"loc":{"start":{"line":53,"column":16},"end":{"line":59,"column":3}}},"2":{"name":"(anonymous_2)","decl":{"start":{"line":67,"column":2},"end":{"line":67,"column":17}},"loc":{"start":{"line":67,"column":17},"end":{"line":69,"column":3}}}},"branchMap":{"0":{"loc":{"start":{"line":58,"column":11},"end":{"line":58,"column":39}},"type":"binary-expr","locations":[{"start":{"line":58,"column":11},"end":{"line":58,"column":22}},{"start":{"line":58,"column":26},"end":{"line":58,"column":39}}]}},"s":{"0":2,"1":2,"2":7,"3":7,"4":6,"5":6,"6":3,"7":2},"f":{"0":7,"1":6,"2":3},"b":{"0":[6,3]}}
,"C:\\Users\\ASUS\\OneDrive\\CODES\\BudgetTracker-App\\budget-tracker\\src\\navigation\\AppNavigator.tsx": {"path":"C:\\Users\\ASUS\\OneDrive\\CODES\\BudgetTracker-App\\budget-tracker\\src\\navigation\\AppNavigator.tsx","statementMap":{"0":{"start":{"line":9,"column":0},"end":{"line":9,"column":26}},"1":{"start":{"line":10,"column":0},"end":{"line":10,"column":63}},"2":{"start":{"line":11,"column":0},"end":{"line":11,"column":63}},"3":{"start":{"line":12,"column":0},"end":{"line":12,"column":39}},"4":{"start":{"line":13,"column":0},"end":{"line":13,"column":null}},"5":{"start":{"line":39,"column":14},"end":{"line":39,"column":56}},"6":{"start":{"line":48,"column":38},"end":{"line":132,"column":1}},"7":{"start":{"line":49,"column":20},"end":{"line":49,"column":30}},"8":{"start":{"line":51,"column":2},"end":{"line":131,"column":4}},"9":{"start":{"line":48,"column":13},"end":{"line":48,"column":38}}},"fnMap":{"0":{"name":"(anonymous_1)","decl":{"start":{"line":48,"column":38},"end":{"line":48,"column":41}},"loc":{"start":{"line":48,"column":43},"end":{"line":132,"column":1}}}},"branchMap":{},"s":{"0":0,"1":0,"2":0,"3":0,"4":0,"5":0,"6":0,"7":0,"8":0,"9":0},"f":{"0":0},"b":{}}
,"C:\\Users\\ASUS\\OneDrive\\CODES\\BudgetTracker-App\\budget-tracker\\src\\navigation\\index.ts": {"path":"C:\\Users\\ASUS\\OneDrive\\CODES\\BudgetTracker-App\\budget-tracker\\src\\navigation\\index.ts","statementMap":{"0":{"start":{"line":7,"column":0},"end":{"line":7,"column":9}},"1":{"start":{"line":7,"column":9},"end":{"line":7,"column":46}}},"fnMap":{"0":{"name":"(anonymous_0)","decl":{"start":{"line":7,"column":9},"end":{"line":7,"column":21}},"loc":{"start":{"line":7,"column":9},"end":{"line":7,"column":46}}}},"branchMap":{},"s":{"0":0,"1":0},"f":{"0":0},"b":{}}
,"C:\\Users\\ASUS\\OneDrive\\CODES\\BudgetTracker-App\\budget-tracker\\src\\screens\\AddEarningScreen.tsx": {"path":"C:\\Users\\ASUS\\OneDrive\\CODES\\BudgetTracker-App\\budget-tracker\\src\\screens\\AddEarningScreen.tsx","statementMap":{"0":{"start":{"line":8,"column":0},"end":{"line":8,"column":40}},"1":{"start":{"line":9,"column":0},"end":{"line":9,"column":127}},"2":{"start":{"line":12,"column":0},"end":{"line":12,"column":48}},"3":{"start":{"line":13,"column":0},"end":{"line":13,"column":53}},"4":{"start":{"line":14,"column":0},"end":{"line":14,"column":42}},"5":{"start":{"line":15,"column":0},"end":{"line":15,"column":53}},"6":{"start":{"line":29,"column":65},"end":{"line":136,"column":1}},"7":{"start":{"line":30,"column":30},"end":{"line":30,"column":42}},"8":{"start":{"line":31,"column":28},"end":{"line":31,"column":58}},"9":{"start":{"line":32,"column":42},"end":{"line":32,"column":57}},"10":{"start":{"line":34,"column":25},"end":{"line":34,"column":34}},"11":{"start":{"line":35,"column":20},"end":{"line":35,"column":30}},"12":{"start":{"line":36,"column":16},"end":{"line":36,"column":26}},"13":{"start":{"line":42,"column":29},"end":{"line":49,"column":3}},"14":{"start":{"line":43,"column":4},"end":{"line":43,"column":20}},"15":{"start":{"line":46,"column":4},"end":{"line":48,"column":5}},"16":{"start":{"line":47,"column":6},"end":{"line":47,"column":26}},"17":{"start":{"line":55,"column":23},"end":{"line":84,"column":3}},"18":{"start":{"line":57,"column":23},"end":{"line":57,"column":53}},"19":{"start":{"line":59,"column":4},"end":{"line":62,"column":5}},"20":{"start":{"line":60,"column":6},"end":{"line":60,"column":33}},"21":{"start":{"line":61,"column":6},"end":{"line":61,"column":13}},"22":{"start":{"line":64,"column":4},"end":{"line":83,"column":5}},"23":{"start":{"line":65,"column":6},"end":{"line":65,"column":28}},"24":{"start":{"line":68,"column":28},"end":{"line":68,"column":46}},"25":{"start":{"line":69,"column":6},"end":{"line":69,"column":38}},"26":{"start":{"line":72,"column":6},"end":{"line":72,"column":87}},"27":{"start":{"line":75,"column":6},"end":{"line":75,"column":20}},"28":{"start":{"line":76,"column":6},"end":{"line":76,"column":26}},"29":{"start":{"line":77,"column":6},"end":{"line":77,"column":26}},"30":{"start":{"line":80,"column":6},"end":{"line":80,"column":49}},"31":{"start":{"line":82,"column":6},"end":{"line":82,"column":29}},"32":{"start":{"line":86,"column":2},"end":{"line":135,"column":4}},"33":{"start":{"line":29,"column":13},"end":{"line":29,"column":65}},"34":{"start":{"line":138,"column":15},"end":{"line":198,"column":2}}},"fnMap":{"0":{"name":"(anonymous_9)","decl":{"start":{"line":29,"column":65},"end":{"line":29,"column":66}},"loc":{"start":{"line":29,"column":84},"end":{"line":136,"column":1}}},"1":{"name":"(anonymous_10)","decl":{"start":{"line":42,"column":29},"end":{"line":42,"column":30}},"loc":{"start":{"line":42,"column":46},"end":{"line":49,"column":3}}},"2":{"name":"(anonymous_11)","decl":{"start":{"line":55,"column":23},"end":{"line":55,"column":28}},"loc":{"start":{"line":55,"column":34},"end":{"line":84,"column":3}}}},"branchMap":{"0":{"loc":{"start":{"line":46,"column":4},"end":{"line":48,"column":5}},"type":"if","locations":[{"start":{"line":46,"column":4},"end":{"line":48,"column":5}},{"start":{},"end":{}}]},"1":{"loc":{"start":{"line":59,"column":4},"end":{"line":62,"column":5}},"type":"if","locations":[{"start":{"line":59,"column":4},"end":{"line":62,"column":5}},{"start":{},"end":{}}]},"2":{"loc":{"start":{"line":89,"column":16},"end":{"line":89,"column":60}},"type":"cond-expr","locations":[{"start":{"line":89,"column":40},"end":{"line":89,"column":49}},{"start":{"line":89,"column":52},"end":{"line":89,"column":60}}]},"3":{"loc":{"start":{"line":104,"column":16},"end":{"line":104,"column":48}},"type":"cond-expr","locations":[{"start":{"line":104,"column":24},"end":{"line":104,"column":41}},{"start":{"line":104,"column":44},"end":{"line":104,"column":48}}]},"4":{"loc":{"start":{"line":105,"column":31},"end":{"line":105,"column":69}},"type":"cond-expr","locations":[{"start":{"line":105,"column":39},"end":{"line":105,"column":48}},{"start":{"line":105,"column":51},"end":{"line":105,"column":69}}]},"5":{"loc":{"start":{"line":114,"column":13},"end":{"line":114,"column":67}},"type":"binary-expr","locations":[{"start":{"line":114,"column":13},"end":{"line":114,"column":18}},{"start":{"line":114,"column":22},"end":{"line":114,"column":67}}]},"6":{"loc":{"start":{"line":122,"column":14},"end":{"line":122,"column":57}},"type":"binary-expr","locations":[{"start":{"line":122,"column":14},"end":{"line":122,"column":26}},{"start":{"line":122,"column":30},"end":{"line":122,"column":57}}]},"7":{"loc":{"start":{"line":129,"column":15},"end":{"line":129,"column":57}},"type":"cond-expr","locations":[{"start":{"line":129,"column":30},"end":{"line":129,"column":41}},{"start":{"line":129,"column":44},"end":{"line":129,"column":57}}]}},"s":{"0":0,"1":0,"2":0,"3":0,"4":0,"5":0,"6":0,"7":0,"8":0,"9":0,"10":0,"11":0,"12":0,"13":0,"14":0,"15":0,"16":0,"17":0,"18":0,"19":0,"20":0,"21":0,"22":0,"23":0,"24":0,"25":0,"26":0,"27":0,"28":0,"29":0,"30":0,"31":0,"32":0,"33":0,"34":0},"f":{"0":0,"1":0,"2":0},"b":{"0":[0,0],"1":[0,0],"2":[0,0],"3":[0,0],"4":[0,0],"5":[0,0],"6":[0,0],"7":[0,0]}}
,"C:\\Users\\ASUS\\OneDrive\\CODES\\BudgetTracker-App\\budget-tracker\\src\\screens\\AddExpenseScreen.tsx": {"path":"C:\\Users\\ASUS\\OneDrive\\CODES\\BudgetTracker-App\\budget-tracker\\src\\screens\\AddExpenseScreen.tsx","statementMap":{"0":{"start":{"line":8,"column":0},"end":{"line":8,"column":40}},"1":{"start":{"line":9,"column":0},"end":{"line":9,"column":127}},"2":{"start":{"line":10,"column":0},"end":{"line":10,"column":53}},"3":{"start":{"line":13,"column":0},"end":{"line":13,"column":48}},"4":{"start":{"line":14,"column":0},"end":{"line":14,"column":53}},"5":{"start":{"line":15,"column":0},"end":{"line":15,"column":42}},"6":{"start":{"line":16,"column":0},"end":{"line":16,"column":53}},"7":{"start":{"line":30,"column":65},"end":{"line":198,"column":1}},"8":{"start":{"line":31,"column":30},"end":{"line":31,"column":42}},"9":{"start":{"line":32,"column":38},"end":{"line":32,"column":50}},"10":{"start":{"line":33,"column":40},"end":{"line":33,"column":70}},"11":{"start":{"line":34,"column":44},"end":{"line":34,"column":74}},"12":{"start":{"line":35,"column":42},"end":{"line":35,"column":57}},"13":{"start":{"line":37,"column":37},"end":{"line":37,"column":46}},"14":{"start":{"line":38,"column":20},"end":{"line":38,"column":30}},"15":{"start":{"line":39,"column":16},"end":{"line":39,"column":26}},"16":{"start":{"line":45,"column":29},"end":{"line":52,"column":3}},"17":{"start":{"line":46,"column":4},"end":{"line":46,"column":20}},"18":{"start":{"line":49,"column":4},"end":{"line":51,"column":5}},"19":{"start":{"line":50,"column":6},"end":{"line":50,"column":32}},"20":{"start":{"line":58,"column":31},"end":{"line":65,"column":3}},"21":{"start":{"line":59,"column":4},"end":{"line":59,"column":25}},"22":{"start":{"line":62,"column":4},"end":{"line":64,"column":5}},"23":{"start":{"line":63,"column":6},"end":{"line":63,"column":34}},"24":{"start":{"line":71,"column":23},"end":{"line":117,"column":3}},"25":{"start":{"line":72,"column":19},"end":{"line":72,"column":24}},"26":{"start":{"line":75,"column":29},"end":{"line":75,"column":59}},"27":{"start":{"line":76,"column":4},"end":{"line":79,"column":5}},"28":{"start":{"line":77,"column":6},"end":{"line":77,"column":45}},"29":{"start":{"line":78,"column":6},"end":{"line":78,"column":22}},"30":{"start":{"line":82,"column":4},"end":{"line":85,"column":5}},"31":{"start":{"line":83,"column":6},"end":{"line":83,"column":51}},"32":{"start":{"line":84,"column":6},"end":{"line":84,"column":22}},"33":{"start":{"line":87,"column":4},"end":{"line":89,"column":5}},"34":{"start":{"line":88,"column":6},"end":{"line":88,"column":13}},"35":{"start":{"line":91,"column":4},"end":{"line":116,"column":5}},"36":{"start":{"line":92,"column":6},"end":{"line":92,"column":28}},"37":{"start":{"line":95,"column":28},"end":{"line":95,"column":46}},"38":{"start":{"line":96,"column":6},"end":{"line":96,"column":50}},"39":{"start":{"line":99,"column":31},"end":{"line":99,"column":76}},"40":{"start":{"line":99,"column":54},"end":{"line":99,"column":75}},"41":{"start":{"line":100,"column":27},"end":{"line":100,"column":62}},"42":{"start":{"line":103,"column":6},"end":{"line":103,"column":108}},"43":{"start":{"line":106,"column":6},"end":{"line":106,"column":20}},"44":{"start":{"line":107,"column":6},"end":{"line":107,"column":24}},"45":{"start":{"line":108,"column":6},"end":{"line":108,"column":32}},"46":{"start":{"line":109,"column":6},"end":{"line":109,"column":34}},"47":{"start":{"line":110,"column":6},"end":{"line":110,"column":26}},"48":{"start":{"line":113,"column":6},"end":{"line":113,"column":49}},"49":{"start":{"line":115,"column":6},"end":{"line":115,"column":29}},"50":{"start":{"line":119,"column":2},"end":{"line":197,"column":4}},"51":{"start":{"line":168,"column":18},"end":{"line":171,"column":null}},"52":{"start":{"line":30,"column":13},"end":{"line":30,"column":65}},"53":{"start":{"line":200,"column":15},"end":{"line":269,"column":2}}},"fnMap":{"0":{"name":"(anonymous_9)","decl":{"start":{"line":30,"column":65},"end":{"line":30,"column":66}},"loc":{"start":{"line":30,"column":84},"end":{"line":198,"column":1}}},"1":{"name":"(anonymous_10)","decl":{"start":{"line":45,"column":29},"end":{"line":45,"column":30}},"loc":{"start":{"line":45,"column":46},"end":{"line":52,"column":3}}},"2":{"name":"(anonymous_11)","decl":{"start":{"line":58,"column":31},"end":{"line":58,"column":32}},"loc":{"start":{"line":58,"column":49},"end":{"line":65,"column":3}}},"3":{"name":"(anonymous_12)","decl":{"start":{"line":71,"column":23},"end":{"line":71,"column":28}},"loc":{"start":{"line":71,"column":34},"end":{"line":117,"column":3}}},"4":{"name":"(anonymous_13)","decl":{"start":{"line":99,"column":47},"end":{"line":99,"column":50}},"loc":{"start":{"line":99,"column":54},"end":{"line":99,"column":75}}},"5":{"name":"(anonymous_14)","decl":{"start":{"line":167,"column":32},"end":{"line":167,"column":33}},"loc":{"start":{"line":168,"column":18},"end":{"line":171,"column":null}}}},"branchMap":{"0":{"loc":{"start":{"line":49,"column":4},"end":{"line":51,"column":5}},"type":"if","locations":[{"start":{"line":49,"column":4},"end":{"line":51,"column":5}},{"start":{},"end":{}}]},"1":{"loc":{"start":{"line":62,"column":4},"end":{"line":64,"column":5}},"type":"if","locations":[{"start":{"line":62,"column":4},"end":{"line":64,"column":5}},{"start":{},"end":{}}]},"2":{"loc":{"start":{"line":76,"column":4},"end":{"line":79,"column":5}},"type":"if","locations":[{"start":{"line":76,"column":4},"end":{"line":79,"column":5}},{"start":{},"end":{}}]},"3":{"loc":{"start":{"line":82,"column":4},"end":{"line":85,"column":5}},"type":"if","locations":[{"start":{"line":82,"column":4},"end":{"line":85,"column":5}},{"start":{},"end":{}}]},"4":{"loc":{"start":{"line":87,"column":4},"end":{"line":89,"column":5}},"type":"if","locations":[{"start":{"line":87,"column":4},"end":{"line":89,"column":5}},{"start":{},"end":{}}]},"5":{"loc":{"start":{"line":100,"column":27},"end":{"line":100,"column":62}},"type":"binary-expr","locations":[{"start":{"line":100,"column":27},"end":{"line":100,"column":49}},{"start":{"line":100,"column":53},"end":{"line":100,"column":62}}]},"6":{"loc":{"start":{"line":122,"column":16},"end":{"line":122,"column":60}},"type":"cond-expr","locations":[{"start":{"line":122,"column":40},"end":{"line":122,"column":49}},{"start":{"line":122,"column":52},"end":{"line":122,"column":60}}]},"7":{"loc":{"start":{"line":137,"column":16},"end":{"line":137,"column":54}},"type":"cond-expr","locations":[{"start":{"line":137,"column":30},"end":{"line":137,"column":47}},{"start":{"line":137,"column":50},"end":{"line":137,"column":54}}]},"8":{"loc":{"start":{"line":138,"column":31},"end":{"line":138,"column":75}},"type":"cond-expr","locations":[{"start":{"line":138,"column":45},"end":{"line":138,"column":54}},{"start":{"line":138,"column":57},"end":{"line":138,"column":75}}]},"9":{"loc":{"start":{"line":147,"column":13},"end":{"line":147,"column":79}},"type":"binary-expr","locations":[{"start":{"line":147,"column":13},"end":{"line":147,"column":24}},{"start":{"line":147,"column":28},"end":{"line":147,"column":79}}]},"10":{"loc":{"start":{"line":156,"column":16},"end":{"line":156,"column":56}},"type":"cond-expr","locations":[{"start":{"line":156,"column":32},"end":{"line":156,"column":49}},{"start":{"line":156,"column":52},"end":{"line":156,"column":56}}]},"11":{"loc":{"start":{"line":157,"column":31},"end":{"line":157,"column":77}},"type":"cond-expr","locations":[{"start":{"line":157,"column":47},"end":{"line":157,"column":56}},{"start":{"line":157,"column":59},"end":{"line":157,"column":77}}]},"12":{"loc":{"start":{"line":176,"column":13},"end":{"line":176,"column":83}},"type":"binary-expr","locations":[{"start":{"line":176,"column":13},"end":{"line":176,"column":26}},{"start":{"line":176,"column":30},"end":{"line":176,"column":83}}]},"13":{"loc":{"start":{"line":184,"column":14},"end":{"line":184,"column":57}},"type":"binary-expr","locations":[{"start":{"line":184,"column":14},"end":{"line":184,"column":26}},{"start":{"line":184,"column":30},"end":{"line":184,"column":57}}]},"14":{"loc":{"start":{"line":191,"column":15},"end":{"line":191,"column":57}},"type":"cond-expr","locations":[{"start":{"line":191,"column":30},"end":{"line":191,"column":41}},{"start":{"line":191,"column":44},"end":{"line":191,"column":57}}]}},"s":{"0":0,"1":0,"2":0,"3":0,"4":0,"5":0,"6":0,"7":0,"8":0,"9":0,"10":0,"11":0,"12":0,"13":0,"14":0,"15":0,"16":0,"17":0,"18":0,"19":0,"20":0,"21":0,"22":0,"23":0,"24":0,"25":0,"26":0,"27":0,"28":0,"29":0,"30":0,"31":0,"32":0,"33":0,"34":0,"35":0,"36":0,"37":0,"38":0,"39":0,"40":0,"41":0,"42":0,"43":0,"44":0,"45":0,"46":0,"47":0,"48":0,"49":0,"50":0,"51":0,"52":0,"53":0},"f":{"0":0,"1":0,"2":0,"3":0,"4":0,"5":0},"b":{"0":[0,0],"1":[0,0],"2":[0,0],"3":[0,0],"4":[0,0],"5":[0,0],"6":[0,0],"7":[0,0],"8":[0,0],"9":[0,0],"10":[0,0],"11":[0,0],"12":[0,0],"13":[0,0],"14":[0,0]}}
,"C:\\Users\\ASUS\\OneDrive\\CODES\\BudgetTracker-App\\budget-tracker\\src\\screens\\AnalyticsScreen.tsx": {"path":"C:\\Users\\ASUS\\OneDrive\\CODES\\BudgetTracker-App\\budget-tracker\\src\\screens\\AnalyticsScreen.tsx","statementMap":{"0":{"start":{"line":8,"column":0},"end":{"line":8,"column":51}},"1":{"start":{"line":9,"column":0},"end":{"line":9,"column":83}},"2":{"start":{"line":12,"column":0},"end":{"line":12,"column":39}},"3":{"start":{"line":13,"column":0},"end":{"line":13,"column":46}},"4":{"start":{"line":15,"column":0},"end":{"line":15,"column":53}},"5":{"start":{"line":29,"column":63},"end":{"line":142,"column":1}},"6":{"start":{"line":30,"column":50},"end":{"line":30,"column":82}},"7":{"start":{"line":31,"column":44},"end":{"line":31,"column":55}},"8":{"start":{"line":32,"column":36},"end":{"line":32,"column":50}},"9":{"start":{"line":34,"column":20},"end":{"line":34,"column":30}},"10":{"start":{"line":40,"column":2},"end":{"line":42,"column":9}},"11":{"start":{"line":41,"column":4},"end":{"line":41,"column":20}},"12":{"start":{"line":48,"column":24},"end":{"line":64,"column":3}},"13":{"start":{"line":49,"column":4},"end":{"line":63,"column":5}},"14":{"start":{"line":50,"column":6},"end":{"line":50,"column":25}},"15":{"start":{"line":52,"column":32},"end":{"line":55,"column":8}},"16":{"start":{"line":57,"column":6},"end":{"line":57,"column":36}},"17":{"start":{"line":58,"column":6},"end":{"line":58,"column":30}},"18":{"start":{"line":60,"column":6},"end":{"line":60,"column":54}},"19":{"start":{"line":62,"column":6},"end":{"line":62,"column":26}},"20":{"start":{"line":70,"column":29},"end":{"line":101,"column":3}},"21":{"start":{"line":71,"column":4},"end":{"line":100,"column":6}},"22":{"start":{"line":103,"column":2},"end":{"line":110,"column":3}},"23":{"start":{"line":104,"column":4},"end":{"line":109,"column":6}},"24":{"start":{"line":112,"column":2},"end":{"line":141,"column":4}},"25":{"start":{"line":128,"column":34},"end":{"line":128,"column":50}},"26":{"start":{"line":29,"column":13},"end":{"line":29,"column":63}},"27":{"start":{"line":144,"column":15},"end":{"line":274,"column":2}}},"fnMap":{"0":{"name":"(anonymous_9)","decl":{"start":{"line":29,"column":63},"end":{"line":29,"column":64}},"loc":{"start":{"line":29,"column":82},"end":{"line":142,"column":1}}},"1":{"name":"(anonymous_10)","decl":{"start":{"line":40,"column":12},"end":{"line":40,"column":15}},"loc":{"start":{"line":40,"column":17},"end":{"line":42,"column":3}}},"2":{"name":"(anonymous_11)","decl":{"start":{"line":48,"column":24},"end":{"line":48,"column":29}},"loc":{"start":{"line":48,"column":35},"end":{"line":64,"column":3}}},"3":{"name":"(anonymous_12)","decl":{"start":{"line":70,"column":29},"end":{"line":70,"column":30}},"loc":{"start":{"line":70,"column":70},"end":{"line":101,"column":3}}},"4":{"name":"(anonymous_13)","decl":{"start":{"line":128,"column":24},"end":{"line":128,"column":25}},"loc":{"start":{"line":128,"column":34},"end":{"line":128,"column":50}}}},"branchMap":{"0":{"loc":{"start":{"line":79,"column":13},"end":{"line":80,"column":null}},"type":"binary-expr","locations":[{"start":{"line":79,"column":13},"end":{"line":79,"column":36}},{"start":{"line":80,"column":14},"end":{"line":80,"column":62}}]},"1":{"loc":{"start":{"line":103,"column":2},"end":{"line":110,"column":3}},"type":"if","locations":[{"start":{"line":103,"column":2},"end":{"line":110,"column":3}},{"start":{},"end":{}}]}},"s":{"0":0,"1":0,"2":0,"3":0,"4":0,"5":0,"6":0,"7":0,"8":0,"9":0,"10":0,"11":0,"12":0,"13":0,"14":0,"15":0,"16":0,"17":0,"18":0,"19":0,"20":0,"21":0,"22":0,"23":0,"24":0,"25":0,"26":0,"27":0},"f":{"0":0,"1":0,"2":0,"3":0,"4":0},"b":{"0":[0,0],"1":[0,0]}}
,"C:\\Users\\ASUS\\OneDrive\\CODES\\BudgetTracker-App\\budget-tracker\\src\\screens\\BudgetEstimatorScreen.tsx": {"path":"C:\\Users\\ASUS\\OneDrive\\CODES\\BudgetTracker-App\\budget-tracker\\src\\screens\\BudgetEstimatorScreen.tsx","statementMap":{"0":{"start":{"line":8,"column":0},"end":{"line":8,"column":51}},"1":{"start":{"line":9,"column":0},"end":{"line":9,"column":105}},"2":{"start":{"line":10,"column":0},"end":{"line":10,"column":68}},"3":{"start":{"line":13,"column":0},"end":{"line":13,"column":48}},"4":{"start":{"line":14,"column":0},"end":{"line":14,"column":47}},"5":{"start":{"line":29,"column":75},"end":{"line":203,"column":1}},"6":{"start":{"line":30,"column":29},"end":{"line":30,"column":38}},"7":{"start":{"line":31,"column":20},"end":{"line":31,"column":30}},"8":{"start":{"line":34,"column":42},"end":{"line":34,"column":77}},"9":{"start":{"line":35,"column":36},"end":{"line":35,"column":56}},"10":{"start":{"line":36,"column":32},"end":{"line":36,"column":88}},"11":{"start":{"line":39,"column":48},"end":{"line":39,"column":63}},"12":{"start":{"line":40,"column":44},"end":{"line":40,"column":59}},"13":{"start":{"line":43,"column":34},"end":{"line":43,"column":71}},"14":{"start":{"line":49,"column":2},"end":{"line":59,"column":41}},"15":{"start":{"line":50,"column":19},"end":{"line":50,"column":48}},"16":{"start":{"line":52,"column":4},"end":{"line":58,"column":5}},"17":{"start":{"line":53,"column":21},"end":{"line":53,"column":86}},"18":{"start":{"line":54,"column":6},"end":{"line":54,"column":26}},"19":{"start":{"line":57,"column":6},"end":{"line":57,"column":24}},"20":{"start":{"line":64,"column":2},"end":{"line":66,"column":23}},"21":{"start":{"line":65,"column":4},"end":{"line":65,"column":47}},"22":{"start":{"line":72,"column":32},"end":{"line":77,"column":3}},"23":{"start":{"line":73,"column":4},"end":{"line":73,"column":46}},"24":{"start":{"line":74,"column":4},"end":{"line":76,"column":5}},"25":{"start":{"line":75,"column":6},"end":{"line":75,"column":33}},"26":{"start":{"line":83,"column":30},"end":{"line":88,"column":3}},"27":{"start":{"line":84,"column":4},"end":{"line":84,"column":44}},"28":{"start":{"line":85,"column":4},"end":{"line":87,"column":5}},"29":{"start":{"line":86,"column":6},"end":{"line":86,"column":31}},"30":{"start":{"line":93,"column":21},"end":{"line":99,"column":3}},"31":{"start":{"line":94,"column":4},"end":{"line":98,"column":7}},"32":{"start":{"line":101,"column":2},"end":{"line":202,"column":4}},"33":{"start":{"line":130,"column":29},"end":{"line":130,"column":53}},"34":{"start":{"line":141,"column":29},"end":{"line":141,"column":51}},"35":{"start":{"line":29,"column":13},"end":{"line":29,"column":75}},"36":{"start":{"line":205,"column":15},"end":{"line":314,"column":2}}},"fnMap":{"0":{"name":"(anonymous_10)","decl":{"start":{"line":29,"column":75},"end":{"line":29,"column":76}},"loc":{"start":{"line":29,"column":94},"end":{"line":203,"column":1}}},"1":{"name":"(anonymous_11)","decl":{"start":{"line":49,"column":12},"end":{"line":49,"column":15}},"loc":{"start":{"line":49,"column":17},"end":{"line":59,"column":3}}},"2":{"name":"(anonymous_12)","decl":{"start":{"line":64,"column":12},"end":{"line":64,"column":15}},"loc":{"start":{"line":64,"column":17},"end":{"line":66,"column":3}}},"3":{"name":"(anonymous_13)","decl":{"start":{"line":72,"column":32},"end":{"line":72,"column":33}},"loc":{"start":{"line":72,"column":68},"end":{"line":77,"column":3}}},"4":{"name":"(anonymous_14)","decl":{"start":{"line":83,"column":30},"end":{"line":83,"column":31}},"loc":{"start":{"line":83,"column":66},"end":{"line":88,"column":3}}},"5":{"name":"(anonymous_15)","decl":{"start":{"line":93,"column":21},"end":{"line":93,"column":22}},"loc":{"start":{"line":93,"column":44},"end":{"line":99,"column":3}}},"6":{"name":"(anonymous_16)","decl":{"start":{"line":130,"column":23},"end":{"line":130,"column":26}},"loc":{"start":{"line":130,"column":29},"end":{"line":130,"column":53}}},"7":{"name":"(anonymous_17)","decl":{"start":{"line":141,"column":23},"end":{"line":141,"column":26}},"loc":{"start":{"line":141,"column":29},"end":{"line":141,"column":51}}}},"branchMap":{"0":{"loc":{"start":{"line":50,"column":19},"end":{"line":50,"column":48}},"type":"binary-expr","locations":[{"start":{"line":50,"column":19},"end":{"line":50,"column":43}},{"start":{"line":50,"column":47},"end":{"line":50,"column":48}}]},"1":{"loc":{"start":{"line":74,"column":4},"end":{"line":76,"column":5}},"type":"if","locations":[{"start":{"line":74,"column":4},"end":{"line":76,"column":5}},{"start":{},"end":{}}]},"2":{"loc":{"start":{"line":85,"column":4},"end":{"line":87,"column":5}},"type":"if","locations":[{"start":{"line":85,"column":4},"end":{"line":87,"column":5}},{"start":{},"end":{}}]},"3":{"loc":{"start":{"line":149,"column":9},"end":{"line":155,"column":null}},"type":"binary-expr","locations":[{"start":{"line":149,"column":9},"end":{"line":149,"column":24}},{"start":{"line":150,"column":10},"end":{"line":154,"column":null}}]},"4":{"loc":{"start":{"line":153,"column":21},"end":{"line":153,"column":66}},"type":"cond-expr","locations":[{"start":{"line":153,"column":45},"end":{"line":153,"column":54}},{"start":{"line":153,"column":57},"end":{"line":153,"column":66}}]},"5":{"loc":{"start":{"line":157,"column":9},"end":{"line":163,"column":null}},"type":"binary-expr","locations":[{"start":{"line":157,"column":9},"end":{"line":157,"column":22}},{"start":{"line":158,"column":10},"end":{"line":162,"column":null}}]},"6":{"loc":{"start":{"line":161,"column":21},"end":{"line":161,"column":66}},"type":"cond-expr","locations":[{"start":{"line":161,"column":45},"end":{"line":161,"column":54}},{"start":{"line":161,"column":57},"end":{"line":161,"column":66}}]},"7":{"loc":{"start":{"line":167,"column":9},"end":{"line":190,"column":null}},"type":"binary-expr","locations":[{"start":{"line":167,"column":9},"end":{"line":167,"column":17}},{"start":{"line":168,"column":10},"end":{"line":189,"column":null}}]},"8":{"loc":{"start":{"line":193,"column":9},"end":{"line":198,"column":null}},"type":"binary-expr","locations":[{"start":{"line":193,"column":9},"end":{"line":193,"column":18}},{"start":{"line":194,"column":10},"end":{"line":197,"column":null}}]}},"s":{"0":0,"1":0,"2":0,"3":0,"4":0,"5":0,"6":0,"7":0,"8":0,"9":0,"10":0,"11":0,"12":0,"13":0,"14":0,"15":0,"16":0,"17":0,"18":0,"19":0,"20":0,"21":0,"22":0,"23":0,"24":0,"25":0,"26":0,"27":0,"28":0,"29":0,"30":0,"31":0,"32":0,"33":0,"34":0,"35":0,"36":0},"f":{"0":0,"1":0,"2":0,"3":0,"4":0,"5":0,"6":0,"7":0},"b":{"0":[0,0],"1":[0,0],"2":[0,0],"3":[0,0],"4":[0,0],"5":[0,0],"6":[0,0],"7":[0,0],"8":[0,0]}}
,"C:\\Users\\ASUS\\OneDrive\\CODES\\BudgetTracker-App\\budget-tracker\\src\\screens\\CategoryManagerScreen.tsx": {"path":"C:\\Users\\ASUS\\OneDrive\\CODES\\BudgetTracker-App\\budget-tracker\\src\\screens\\CategoryManagerScreen.tsx","statementMap":{"0":{"start":{"line":8,"column":0},"end":{"line":8,"column":40}},"1":{"start":{"line":9,"column":0},"end":{"line":9,"column":125}},"2":{"start":{"line":12,"column":0},"end":{"line":12,"column":48}},"3":{"start":{"line":13,"column":0},"end":{"line":13,"column":53}},"4":{"start":{"line":15,"column":0},"end":{"line":15,"column":42}},"5":{"start":{"line":16,"column":0},"end":{"line":16,"column":53}},"6":{"start":{"line":30,"column":75},"end":{"line":163,"column":1}},"7":{"start":{"line":31,"column":42},"end":{"line":31,"column":54}},"8":{"start":{"line":32,"column":28},"end":{"line":32,"column":58}},"9":{"start":{"line":33,"column":42},"end":{"line":33,"column":57}},"10":{"start":{"line":35,"column":38},"end":{"line":35,"column":47}},"11":{"start":{"line":36,"column":20},"end":{"line":36,"column":30}},"12":{"start":{"line":37,"column":16},"end":{"line":37,"column":26}},"13":{"start":{"line":43,"column":27},"end":{"line":50,"column":3}},"14":{"start":{"line":44,"column":4},"end":{"line":44,"column":26}},"15":{"start":{"line":47,"column":4},"end":{"line":49,"column":5}},"16":{"start":{"line":48,"column":6},"end":{"line":48,"column":26}},"17":{"start":{"line":56,"column":28},"end":{"line":83,"column":3}},"18":{"start":{"line":58,"column":23},"end":{"line":58,"column":59}},"19":{"start":{"line":60,"column":4},"end":{"line":63,"column":5}},"20":{"start":{"line":61,"column":6},"end":{"line":61,"column":33}},"21":{"start":{"line":62,"column":6},"end":{"line":62,"column":13}},"22":{"start":{"line":65,"column":4},"end":{"line":82,"column":5}},"23":{"start":{"line":66,"column":6},"end":{"line":66,"column":28}},"24":{"start":{"line":69,"column":6},"end":{"line":69,"column":38}},"25":{"start":{"line":72,"column":6},"end":{"line":72,"column":76}},"26":{"start":{"line":75,"column":6},"end":{"line":75,"column":26}},"27":{"start":{"line":76,"column":6},"end":{"line":76,"column":26}},"28":{"start":{"line":79,"column":6},"end":{"line":79,"column":52}},"29":{"start":{"line":81,"column":6},"end":{"line":81,"column":29}},"30":{"start":{"line":89,"column":29},"end":{"line":99,"column":null}},"31":{"start":{"line":90,"column":4},"end":{"line":98,"column":null}},"32":{"start":{"line":102,"column":2},"end":{"line":162,"column":4}},"33":{"start":{"line":153,"column":36},"end":{"line":153,"column":43}},"34":{"start":{"line":30,"column":13},"end":{"line":30,"column":75}},"35":{"start":{"line":165,"column":15},"end":{"line":269,"column":2}}},"fnMap":{"0":{"name":"(anonymous_9)","decl":{"start":{"line":30,"column":75},"end":{"line":30,"column":76}},"loc":{"start":{"line":30,"column":94},"end":{"line":163,"column":1}}},"1":{"name":"(anonymous_10)","decl":{"start":{"line":43,"column":27},"end":{"line":43,"column":28}},"loc":{"start":{"line":43,"column":44},"end":{"line":50,"column":3}}},"2":{"name":"(anonymous_11)","decl":{"start":{"line":56,"column":28},"end":{"line":56,"column":33}},"loc":{"start":{"line":56,"column":39},"end":{"line":83,"column":3}}},"3":{"name":"(anonymous_12)","decl":{"start":{"line":89,"column":29},"end":{"line":89,"column":30}},"loc":{"start":{"line":90,"column":4},"end":{"line":98,"column":null}}},"4":{"name":"(anonymous_13)","decl":{"start":{"line":153,"column":26},"end":{"line":153,"column":27}},"loc":{"start":{"line":153,"column":36},"end":{"line":153,"column":43}}}},"branchMap":{"0":{"loc":{"start":{"line":47,"column":4},"end":{"line":49,"column":5}},"type":"if","locations":[{"start":{"line":47,"column":4},"end":{"line":49,"column":5}},{"start":{},"end":{}}]},"1":{"loc":{"start":{"line":60,"column":4},"end":{"line":63,"column":5}},"type":"if","locations":[{"start":{"line":60,"column":4},"end":{"line":63,"column":5}},{"start":{},"end":{}}]},"2":{"loc":{"start":{"line":93,"column":9},"end":{"line":96,"column":null}},"type":"binary-expr","locations":[{"start":{"line":93,"column":9},"end":{"line":93,"column":23}},{"start":{"line":94,"column":10},"end":{"line":95,"column":null}}]},"3":{"loc":{"start":{"line":105,"column":16},"end":{"line":105,"column":60}},"type":"cond-expr","locations":[{"start":{"line":105,"column":40},"end":{"line":105,"column":49}},{"start":{"line":105,"column":52},"end":{"line":105,"column":60}}]},"4":{"loc":{"start":{"line":119,"column":16},"end":{"line":119,"column":48}},"type":"cond-expr","locations":[{"start":{"line":119,"column":24},"end":{"line":119,"column":41}},{"start":{"line":119,"column":44},"end":{"line":119,"column":48}}]},"5":{"loc":{"start":{"line":120,"column":31},"end":{"line":120,"column":69}},"type":"cond-expr","locations":[{"start":{"line":120,"column":39},"end":{"line":120,"column":48}},{"start":{"line":120,"column":51},"end":{"line":120,"column":69}}]},"6":{"loc":{"start":{"line":128,"column":13},"end":{"line":128,"column":67}},"type":"binary-expr","locations":[{"start":{"line":128,"column":13},"end":{"line":128,"column":18}},{"start":{"line":128,"column":22},"end":{"line":128,"column":67}}]},"7":{"loc":{"start":{"line":135,"column":14},"end":{"line":135,"column":54}},"type":"binary-expr","locations":[{"start":{"line":135,"column":14},"end":{"line":135,"column":26}},{"start":{"line":135,"column":30},"end":{"line":135,"column":54}}]},"8":{"loc":{"start":{"line":142,"column":15},"end":{"line":142,"column":58}},"type":"cond-expr","locations":[{"start":{"line":142,"column":30},"end":{"line":142,"column":41}},{"start":{"line":142,"column":44},"end":{"line":142,"column":58}}]}},"s":{"0":0,"1":0,"2":0,"3":0,"4":0,"5":0,"6":0,"7":0,"8":0,"9":0,"10":0,"11":0,"12":0,"13":0,"14":0,"15":0,"16":0,"17":0,"18":0,"19":0,"20":0,"21":0,"22":0,"23":0,"24":0,"25":0,"26":0,"27":0,"28":0,"29":0,"30":0,"31":0,"32":0,"33":0,"34":0,"35":0},"f":{"0":0,"1":0,"2":0,"3":0,"4":0},"b":{"0":[0,0],"1":[0,0],"2":[0,0],"3":[0,0],"4":[0,0],"5":[0,0],"6":[0,0],"7":[0,0],"8":[0,0]}}
,"C:\\Users\\ASUS\\OneDrive\\CODES\\BudgetTracker-App\\budget-tracker\\src\\screens\\DataManagementScreen.tsx": {"path":"C:\\Users\\ASUS\\OneDrive\\CODES\\BudgetTracker-App\\budget-tracker\\src\\screens\\DataManagementScreen.tsx","statementMap":{"0":{"start":{"line":8,"column":0},"end":{"line":8,"column":40}},"1":{"start":{"line":9,"column":0},"end":{"line":9,"column":101}},"2":{"start":{"line":10,"column":0},"end":{"line":10,"column":68}},"3":{"start":{"line":11,"column":0},"end":{"line":11,"column":53}},"4":{"start":{"line":14,"column":0},"end":{"line":14,"column":48}},"5":{"start":{"line":15,"column":0},"end":{"line":15,"column":42}},"6":{"start":{"line":16,"column":0},"end":{"line":16,"column":42}},"7":{"start":{"line":17,"column":0},"end":{"line":17,"column":53}},"8":{"start":{"line":33,"column":73},"end":{"line":357,"column":1}},"9":{"start":{"line":34,"column":26},"end":{"line":34,"column":35}},"10":{"start":{"line":35,"column":20},"end":{"line":35,"column":30}},"11":{"start":{"line":36,"column":16},"end":{"line":36,"column":26}},"12":{"start":{"line":39,"column":26},"end":{"line":39,"column":57}},"13":{"start":{"line":42,"column":22},"end":{"line":42,"column":46}},"14":{"start":{"line":43,"column":42},"end":{"line":43,"column":63}},"15":{"start":{"line":44,"column":44},"end":{"line":44,"column":79}},"16":{"start":{"line":47,"column":36},"end":{"line":47,"column":56}},"17":{"start":{"line":48,"column":32},"end":{"line":48,"column":52}},"18":{"start":{"line":49,"column":48},"end":{"line":49,"column":63}},"19":{"start":{"line":50,"column":44},"end":{"line":50,"column":59}},"20":{"start":{"line":53,"column":38},"end":{"line":53,"column":53}},"21":{"start":{"line":58,"column":16},"end":{"line":58,"column":68}},"22":{"start":{"line":58,"column":52},"end":{"line":58,"column":67}},"23":{"start":{"line":63,"column":17},"end":{"line":76,"column":4}},"24":{"start":{"line":81,"column":21},"end":{"line":87,"column":3}},"25":{"start":{"line":82,"column":4},"end":{"line":86,"column":7}},"26":{"start":{"line":93,"column":32},"end":{"line":98,"column":3}},"27":{"start":{"line":94,"column":4},"end":{"line":94,"column":46}},"28":{"start":{"line":95,"column":4},"end":{"line":97,"column":5}},"29":{"start":{"line":96,"column":6},"end":{"line":96,"column":33}},"30":{"start":{"line":104,"column":30},"end":{"line":109,"column":3}},"31":{"start":{"line":105,"column":4},"end":{"line":105,"column":44}},"32":{"start":{"line":106,"column":4},"end":{"line":108,"column":5}},"33":{"start":{"line":107,"column":6},"end":{"line":107,"column":31}},"34":{"start":{"line":115,"column":23},"end":{"line":162,"column":3}},"35":{"start":{"line":116,"column":4},"end":{"line":161,"column":5}},"36":{"start":{"line":121,"column":6},"end":{"line":131,"column":7}},"37":{"start":{"line":123,"column":27},"end":{"line":123,"column":71}},"38":{"start":{"line":124,"column":25},"end":{"line":124,"column":82}},"39":{"start":{"line":126,"column":8},"end":{"line":126,"column":79}},"40":{"start":{"line":127,"column":8},"end":{"line":127,"column":77}},"41":{"start":{"line":129,"column":8},"end":{"line":129,"column":77}},"42":{"start":{"line":130,"column":8},"end":{"line":130,"column":76}},"43":{"start":{"line":133,"column":27},"end":{"line":133,"column":68}},"44":{"start":{"line":136,"column":6},"end":{"line":157,"column":8}},"45":{"start":{"line":153,"column":14},"end":{"line":153,"column":38}},"46":{"start":{"line":159,"column":6},"end":{"line":159,"column":57}},"47":{"start":{"line":160,"column":6},"end":{"line":160,"column":67}},"48":{"start":{"line":168,"column":26},"end":{"line":204,"column":3}},"49":{"start":{"line":169,"column":4},"end":{"line":203,"column":5}},"50":{"start":{"line":170,"column":6},"end":{"line":170,"column":26}},"51":{"start":{"line":173,"column":6},"end":{"line":179,"column":7}},"52":{"start":{"line":175,"column":8},"end":{"line":175,"column":78}},"53":{"start":{"line":178,"column":8},"end":{"line":178,"column":73}},"54":{"start":{"line":182,"column":6},"end":{"line":182,"column":26}},"55":{"start":{"line":185,"column":6},"end":{"line":197,"column":8}},"56":{"start":{"line":194,"column":27},"end":{"line":194,"column":46}},"57":{"start":{"line":199,"column":6},"end":{"line":199,"column":53}},"58":{"start":{"line":200,"column":6},"end":{"line":200,"column":50}},"59":{"start":{"line":202,"column":6},"end":{"line":202,"column":27}},"60":{"start":{"line":206,"column":2},"end":{"line":356,"column":4}},"61":{"start":{"line":223,"column":29},"end":{"line":223,"column":45}},"62":{"start":{"line":240,"column":29},"end":{"line":240,"column":49}},"63":{"start":{"line":268,"column":20},"end":{"line":268,"column":93}},"64":{"start":{"line":280,"column":20},"end":{"line":280,"column":83}},"65":{"start":{"line":297,"column":31},"end":{"line":297,"column":55}},"66":{"start":{"line":307,"column":31},"end":{"line":307,"column":53}},"67":{"start":{"line":33,"column":13},"end":{"line":33,"column":73}},"68":{"start":{"line":359,"column":15},"end":{"line":470,"column":2}}},"fnMap":{"0":{"name":"(anonymous_10)","decl":{"start":{"line":33,"column":73},"end":{"line":33,"column":74}},"loc":{"start":{"line":33,"column":92},"end":{"line":357,"column":1}}},"1":{"name":"(anonymous_11)","decl":{"start":{"line":58,"column":42},"end":{"line":58,"column":43}},"loc":{"start":{"line":58,"column":52},"end":{"line":58,"column":67}}},"2":{"name":"(anonymous_12)","decl":{"start":{"line":81,"column":21},"end":{"line":81,"column":22}},"loc":{"start":{"line":81,"column":44},"end":{"line":87,"column":3}}},"3":{"name":"(anonymous_13)","decl":{"start":{"line":93,"column":32},"end":{"line":93,"column":33}},"loc":{"start":{"line":93,"column":68},"end":{"line":98,"column":3}}},"4":{"name":"(anonymous_14)","decl":{"start":{"line":104,"column":30},"end":{"line":104,"column":31}},"loc":{"start":{"line":104,"column":66},"end":{"line":109,"column":3}}},"5":{"name":"(anonymous_15)","decl":{"start":{"line":115,"column":23},"end":{"line":115,"column":28}},"loc":{"start":{"line":115,"column":34},"end":{"line":162,"column":3}}},"6":{"name":"(anonymous_16)","decl":{"start":{"line":152,"column":21},"end":{"line":152,"column":26}},"loc":{"start":{"line":152,"column":32},"end":{"line":154,"column":13}}},"7":{"name":"(anonymous_17)","decl":{"start":{"line":168,"column":26},"end":{"line":168,"column":31}},"loc":{"start":{"line":168,"column":37},"end":{"line":204,"column":3}}},"8":{"name":"(anonymous_18)","decl":{"start":{"line":194,"column":21},"end":{"line":194,"column":24}},"loc":{"start":{"line":194,"column":27},"end":{"line":194,"column":46}}},"9":{"name":"(anonymous_19)","decl":{"start":{"line":223,"column":23},"end":{"line":223,"column":26}},"loc":{"start":{"line":223,"column":29},"end":{"line":223,"column":45}}},"10":{"name":"(anonymous_20)","decl":{"start":{"line":240,"column":23},"end":{"line":240,"column":26}},"loc":{"start":{"line":240,"column":29},"end":{"line":240,"column":49}}},"11":{"name":"(anonymous_21)","decl":{"start":{"line":267,"column":30},"end":{"line":267,"column":31}},"loc":{"start":{"line":268,"column":20},"end":{"line":268,"column":93}}},"12":{"name":"(anonymous_22)","decl":{"start":{"line":279,"column":29},"end":{"line":279,"column":30}},"loc":{"start":{"line":280,"column":20},"end":{"line":280,"column":83}}},"13":{"name":"(anonymous_23)","decl":{"start":{"line":297,"column":25},"end":{"line":297,"column":28}},"loc":{"start":{"line":297,"column":31},"end":{"line":297,"column":55}}},"14":{"name":"(anonymous_24)","decl":{"start":{"line":307,"column":25},"end":{"line":307,"column":28}},"loc":{"start":{"line":307,"column":31},"end":{"line":307,"column":53}}}},"branchMap":{"0":{"loc":{"start":{"line":95,"column":4},"end":{"line":97,"column":5}},"type":"if","locations":[{"start":{"line":95,"column":4},"end":{"line":97,"column":5}},{"start":{},"end":{}}]},"1":{"loc":{"start":{"line":106,"column":4},"end":{"line":108,"column":5}},"type":"if","locations":[{"start":{"line":106,"column":4},"end":{"line":108,"column":5}},{"start":{},"end":{}}]},"2":{"loc":{"start":{"line":121,"column":6},"end":{"line":131,"column":7}},"type":"if","locations":[{"start":{"line":121,"column":6},"end":{"line":131,"column":7}},{"start":{"line":128,"column":13},"end":{"line":131,"column":7}}]},"3":{"loc":{"start":{"line":173,"column":6},"end":{"line":179,"column":7}},"type":"if","locations":[{"start":{"line":173,"column":6},"end":{"line":179,"column":7}},{"start":{"line":176,"column":13},"end":{"line":179,"column":7}}]},"4":{"loc":{"start":{"line":221,"column":16},"end":{"line":221,"column":75}},"type":"binary-expr","locations":[{"start":{"line":221,"column":16},"end":{"line":221,"column":32}},{"start":{"line":221,"column":36},"end":{"line":221,"column":75}}]},"5":{"loc":{"start":{"line":229,"column":18},"end":{"line":229,"column":65}},"type":"binary-expr","locations":[{"start":{"line":229,"column":18},"end":{"line":229,"column":34}},{"start":{"line":229,"column":38},"end":{"line":229,"column":65}}]},"6":{"loc":{"start":{"line":238,"column":16},"end":{"line":238,"column":79}},"type":"binary-expr","locations":[{"start":{"line":238,"column":16},"end":{"line":238,"column":36}},{"start":{"line":238,"column":40},"end":{"line":238,"column":79}}]},"7":{"loc":{"start":{"line":246,"column":18},"end":{"line":246,"column":69}},"type":"binary-expr","locations":[{"start":{"line":246,"column":18},"end":{"line":246,"column":38}},{"start":{"line":246,"column":42},"end":{"line":246,"column":69}}]},"8":{"loc":{"start":{"line":256,"column":9},"end":{"line":285,"column":null}},"type":"binary-expr","locations":[{"start":{"line":256,"column":9},"end":{"line":256,"column":25}},{"start":{"line":257,"column":10},"end":{"line":284,"column":null}}]},"9":{"loc":{"start":{"line":289,"column":9},"end":{"line":312,"column":null}},"type":"binary-expr","locations":[{"start":{"line":289,"column":9},"end":{"line":289,"column":29}},{"start":{"line":290,"column":10},"end":{"line":311,"co
[...]
,"C:\\Users\\ASUS\\OneDrive\\CODES\\BudgetTracker-App\\budget-tracker\\src\\services\\validation.service.ts": {"path":"C:\\Users\\ASUS\\OneDrive\\CODES\\BudgetTracker-App\\budget-tracker\\src\\services\\validation.service.ts","statementMap":{"0":{"start":{"line":18,"column":0},"end":{"line":18,"column":16}},"1":{"start":{"line":66,"column":0},"end":{"line":66,"column":16}},"2":{"start":{"line":89,"column":0},"end":{"line":89,"column":16}},"3":{"start":{"line":20,"column":2},"end":{"line":25,"column":3}},"4":{"start":{"line":21,"column":4},"end":{"line":24,"column":6}},"5":{"start":{"line":28,"column":19},"end":{"line":28,"column":32}},"6":{"start":{"line":30,"column":2},"end":{"line":35,"column":3}},"7":{"start":{"line":31,"column":4},"end":{"line":34,"column":6}},"8":{"start":{"line":38,"column":2},"end":{"line":43,"column":3}},"9":{"start":{"line":39,"column":4},"end":{"line":42,"column":6}},"10":{"start":{"line":46,"column":2},"end":{"line":51,"column":3}},"11":{"start":{"line":47,"column":4},"end":{"line":50,"column":6}},"12":{"start":{"line":53,"column":2},"end":{"line":55,"column":4}},"13":{"start":{"line":68,"column":2},"end":{"line":73,"column":3}},"14":{"start":{"line":69,"column":4},"end":{"line":72,"column":6}},"15":{"start":{"line":75,"column":2},"end":{"line":77,"column":4}},"16":{"start":{"line":91,"column":2},"end":{"line":96,"column":3}},"17":{"start":{"line":92,"column":4},"end":{"line":95,"column":6}},"18":{"start":{"line":98,"column":2},"end":{"line":103,"column":3}},"19":{"start":{"line":99,"column":4},"end":{"line":102,"column":6}},"20":{"start":{"line":106,"column":2},"end":{"line":111,"column":3}},"21":{"start":{"line":107,"column":4},"end":{"line":110,"column":6}},"22":{"start":{"line":113,"column":2},"end":{"line":115,"column":4}}},"fnMap":{"0":{"name":"validatePositiveNumber","decl":{"start":{"line":18,"column":16},"end":{"line":18,"column":38}},"loc":{"start":{"line":18,"column":52},"end":{"line":56,"column":1}}},"1":{"name":"validateNonEmptyString","decl":{"start":{"line":66,"column":16},"end":{"line":66,"column":38}},"loc":{"start":{"line":66,"column":52},"end":{"line":78,"column":1}}},"2":{"name":"validateDateRange","decl":{"start":{"line":89,"column":16},"end":{"line":89,"column":33}},"loc":{"start":{"line":89,"column":64},"end":{"line":116,"column":1}}}},"branchMap":{"0":{"loc":{"start":{"line":20,"column":2},"end":{"line":25,"column":3}},"type":"if","locations":[{"start":{"line":20,"column":2},"end":{"line":25,"column":3}},{"start":{},"end":{}}]},"1":{"loc":{"start":{"line":20,"column":6},"end":{"line":20,"column":35}},"type":"binary-expr","locations":[{"start":{"line":20,"column":6},"end":{"line":20,"column":12}},{"start":{"line":20,"column":16},"end":{"line":20,"column":35}}]},"2":{"loc":{"start":{"line":30,"column":2},"end":{"line":35,"column":3}},"type":"if","locations":[{"start":{"line":30,"column":2},"end":{"line":35,"column":3}},{"start":{},"end":{}}]},"3":{"loc":{"start":{"line":38,"column":2},"end":{"line":43,"column":3}},"type":"if","locations":[{"start":{"line":38,"column":2},"end":{"line":43,"column":3}},{"start":{},"end":{}}]},"4":{"loc":{"start":{"line":46,"column":2},"end":{"line":51,"column":3}},"type":"if","locations":[{"start":{"line":46,"column":2},"end":{"line":51,"column":3}},{"start":{},"end":{}}]},"5":{"loc":{"start":{"line":68,"column":2},"end":{"line":73,"column":3}},"type":"if","locations":[{"start":{"line":68,"column":2},"end":{"line":73,"column":3}},{"start":{},"end":{}}]},"6":{"loc":{"start":{"line":68,"column":6},"end":{"line":68,"column":35}},"type":"binary-expr","locations":[{"start":{"line":68,"column":6},"end":{"line":68,"column":12}},{"start":{"line":68,"column":16},"end":{"line":68,"column":35}}]},"7":{"loc":{"start":{"line":91,"column":2},"end":{"line":96,"column":3}},"type":"if","locations":[{"start":{"line":91,"column":2},"end":{"line":96,"column":3}},{"start":{},"end":{}}]},"8":{"loc":{"start":{"line":91,"column":6},"end":{"line":91,"column":64}},"type":"binary-expr","locations":[{"start":{"line":91,"column":6},"end":{"line":91,"column":34}},{"start":{"line":91,"column":38},"end":{"line":91,"column":64}}]},"9":{"loc":{"start":{"line":98,"column":2},"end":{"line":103,"column":3}},"type":"if","locations":[{"start":{"line":98,"column":2},"end":{"line":103,"column":3}},{"start":{},"end":{}}]},"10":{"loc":{"start":{"line":98,"column":6},"end":{"line":98,"column":60}},"type":"binary-expr","locations":[{"start":{"line":98,"column":6},"end":{"line":98,"column":32}},{"start":{"line":98,"column":36},"end":{"line":98,"column":60}}]},"11":{"loc":{"start":{"line":106,"column":2},"end":{"line":111,"column":3}},"type":"if","locations":[{"start":{"line":106,"column":2},"end":{"line":111,"column":3}},{"start":{},"end":{}}]}},"s":{"0":7,"1":7,"2":7,"3":21,"4":4,"5":17,"6":17,"7":4,"8":13,"9":7,"10":6,"11":1,"12":5,"13":18,"14":8,"15":10,"16":7,"17":2,"18":5,"19":1,"20":4,"21":1,"22":3},"f":{"0":21,"1":18,"2":7},"b":{"0":[4,17],"1":[21,18],"2":[4,13],"3":[7,6],"4":[1,5],"5":[8,10],"6":[18,15],"7":[2,5],"8":[7,7],"9":[1,4],"10":[5,5],"11":[1,3]}}
,"C:\\Users\\ASUS\\OneDrive\\CODES\\BudgetTracker-App\\budget-tracker\\src\\utils\\ErrorHandler.ts": {"path":"C:\\Users\\ASUS\\OneDrive\\CODES\\BudgetTracker-App\\budget-tracker\\src\\utils\\ErrorHandler.ts","statementMap":{"0":{"start":{"line":8,"column":0},"end":{"line":8,"column":37}},"1":{"start":{"line":13,"column":0},"end":{"line":13,"column":null}},"2":{"start":{"line":14,"column":2},"end":{"line":14,"column":null}},"3":{"start":{"line":15,"column":2},"end":{"line":15,"column":null}},"4":{"start":{"line":16,"column":2},"end":{"line":16,"column":null}},"5":{"start":{"line":17,"column":2},"end":{"line":17,"column":null}},"6":{"start":{"line":42,"column":21},"end":{"line":42,"column":52}},"7":{"start":{"line":45,"column":4},"end":{"line":45,"column":105}},"8":{"start":{"line":48,"column":4},"end":{"line":52,"column":6}},"9":{"start":{"line":59,"column":4},"end":{"line":90,"column":5}},"10":{"start":{"line":61,"column":6},"end":{"line":69,"column":7}},"11":{"start":{"line":62,"column":8},"end":{"line":68,"column":10}},"12":{"start":{"line":71,"column":6},"end":{"line":79,"column":7}},"13":{"start":{"line":72,"column":8},"end":{"line":78,"column":10}},"14":{"start":{"line":81,"column":6},"end":{"line":89,"column":8}},"15":{"start":{"line":93,"column":4},"end":{"line":100,"column":6}},"16":{"start":{"line":107,"column":4},"end":{"line":116,"column":5}},"17":{"start":{"line":109,"column":8},"end":{"line":109,"column":31}},"18":{"start":{"line":111,"column":8},"end":{"line":111,"column":31}},"19":{"start":{"line":113,"column":8},"end":{"line":113,"column":34}},"20":{"start":{"line":115,"column":8},"end":{"line":115,"column":23}},"21":{"start":{"line":124,"column":4},"end":{"line":124,"column":60}},"22":{"start":{"line":132,"column":4},"end":{"line":132,"column":43}},"23":{"start":{"line":133,"column":4},"end":{"line":137,"column":6}},"24":{"start":{"line":36,"column":0},"end":{"line":36,"column":13}}},"fnMap":{"0":{"name":"(anonymous_0)","decl":{"start":{"line":13,"column":0},"end":{"line":13,"column":12}},"loc":{"start":{"line":13,"column":21},"end":{"line":18,"column":1}}},"1":{"name":"(anonymous_1)","decl":{"start":{"line":41,"column":2},"end":{"line":41,"column":8}},"loc":{"start":{"line":41,"column":48},"end":{"line":53,"column":3}}},"2":{"name":"(anonymous_2)","decl":{"start":{"line":58,"column":10},"end":{"line":58,"column":16}},"loc":{"start":{"line":58,"column":60},"end":{"line":101,"column":3}}},"3":{"name":"(anonymous_3)","decl":{"start":{"line":106,"column":10},"end":{"line":106,"column":16}},"loc":{"start":{"line":106,"column":46},"end":{"line":117,"column":3}}},"4":{"name":"(anonymous_4)","decl":{"start":{"line":123,"column":2},"end":{"line":123,"column":8}},"loc":{"start":{"line":123,"column":41},"end":{"line":125,"column":3}}},"5":{"name":"(anonymous_5)","decl":{"start":{"line":131,"column":2},"end":{"line":131,"column":8}},"loc":{"start":{"line":131,"column":37},"end":{"line":138,"column":3}}}},"branchMap":{"0":{"loc":{"start":{"line":13,"column":12},"end":{"line":13,"column":null}},"type":"binary-expr","locations":[{"start":{"line":13,"column":12},"end":{"line":13,"column":21}},{"start":{"line":13,"column":21},"end":{"line":13,"column":null}}]},"1":{"loc":{"start":{"line":45,"column":40},"end":{"line":45,"column":58}},"type":"binary-expr","locations":[{"start":{"line":45,"column":40},"end":{"line":45,"column":47}},{"start":{"line":45,"column":51},"end":{"line":45,"column":58}}]},"2":{"loc":{"start":{"line":59,"column":4},"end":{"line":90,"column":5}},"type":"if","locations":[{"start":{"line":59,"column":4},"end":{"line":90,"column":5}},{"start":{},"end":{}}]},"3":{"loc":{"start":{"line":61,"column":6},"end":{"line":69,"column":7}},"type":"if","locations":[{"start":{"line":61,"column":6},"end":{"line":69,"column":7}},{"start":{},"end":{}}]},"4":{"loc":{"start":{"line":61,"column":10},"end":{"line":61,"column":83}},"type":"binary-expr","locations":[{"start":{"line":61,"column":10},"end":{"line":61,"column":46}},{"start":{"line":61,"column":50},"end":{"line":61,"column":83}}]},"5":{"loc":{"start":{"line":71,"column":6},"end":{"line":79,"column":7}},"type":"if","locations":[{"start":{"line":71,"column":6},"end":{"line":79,"column":7}},{"start":{},"end":{}}]},"6":{"loc":{"start":{"line":71,"column":10},"end":{"line":71,"column":85}},"type":"binary-expr","locations":[{"start":{"line":71,"column":10},"end":{"line":71,"column":43}},{"start":{"line":71,"column":47},"end":{"line":71,"column":85}}]},"7":{"loc":{"start":{"line":85,"column":21},"end":{"line":87,"column":61}},"type":"cond-expr","locations":[{"start":{"line":86,"column":12},"end":{"line":86,"column":67}},{"start":{"line":87,"column":12},"end":{"line":87,"column":61}}]},"8":{"loc":{"start":{"line":96,"column":19},"end":{"line":98,"column":59}},"type":"cond-expr","locations":[{"start":{"line":97,"column":10},"end":{"line":97,"column":65}},{"start":{"line":98,"column":10},"end":{"line":98,"column":59}}]},"9":{"loc":{"start":{"line":107,"column":4},"end":{"line":116,"column":5}},"type":"switch","locations":[{"start":{"line":108,"column":6},"end":{"line":109,"column":31}},{"start":{"line":110,"column":6},"end":{"line":111,"column":31}},{"start":{"line":112,"column":6},"end":{"line":113,"column":34}},{"start":{"line":114,"column":6},"end":{"line":115,"column":23}}]}},"s":{"0":0,"1":0,"2":0,"3":0,"4":0,"5":0,"6":0,"7":0,"8":0,"9":0,"10":0,"11":0,"12":0,"13":0,"14":0,"15":0,"16":0,"17":0,"18":0,"19":0,"20":0,"21":0,"22":0,"23":0,"24":0},"f":{"0":0,"1":0,"2":0,"3":0,"4":0,"5":0},"b":{"0":[0,0],"1":[0,0],"2":[0,0],"3":[0,0],"4":[0,0],"5":[0,0],"6":[0,0],"7":[0,0],"8":[0,0],"9":[0,0,0,0]}}
,"C:\\Users\\ASUS\\OneDrive\\CODES\\BudgetTracker-App\\budget-tracker\\src\\utils\\Toast.tsx": {"path":"C:\\Users\\ASUS\\OneDrive\\CODES\\BudgetTracker-App\\budget-tracker\\src\\utils\\Toast.tsx","statementMap":{"0":{"start":{"line":8,"column":0},"end":{"line":8,"column":91}},"1":{"start":{"line":9,"column":0},"end":{"line":9,"column":76}},"2":{"start":{"line":14,"column":0},"end":{"line":14,"column":null}},"3":{"start":{"line":15,"column":2},"end":{"line":15,"column":null}},"4":{"start":{"line":16,"column":2},"end":{"line":16,"column":null}},"5":{"start":{"line":17,"column":2},"end":{"line":17,"column":null}},"6":{"start":{"line":18,"column":2},"end":{"line":18,"column":null}},"7":{"start":{"line":41,"column":21},"end":{"line":41,"column":76}},"8":{"start":{"line":55,"column":59},"end":{"line":187,"column":1}},"9":{"start":{"line":56,"column":32},"end":{"line":56,"column":47}},"10":{"start":{"line":57,"column":32},"end":{"line":57,"column":44}},"11":{"start":{"line":58,"column":26},"end":{"line":58,"column":61}},"12":{"start":{"line":59,"column":21},"end":{"line":59,"column":52}},"13":{"start":{"line":60,"column":23},"end":{"line":60,"column":57}},"14":{"start":{"line":65,"column":20},"end":{"line":104,"column":28}},"15":{"start":{"line":66,"column":47},"end":{"line":66,"column":53}},"16":{"start":{"line":68,"column":4},"end":{"line":68,"column":24}},"17":{"start":{"line":69,"column":4},"end":{"line":69,"column":18}},"18":{"start":{"line":70,"column":4},"end":{"line":70,"column":21}},"19":{"start":{"line":73,"column":4},"end":{"line":85,"column":15}},"20":{"start":{"line":88,"column":4},"end":{"line":103,"column":17}},"21":{"start":{"line":89,"column":6},"end":{"line":102,"column":9}},"22":{"start":{"line":101,"column":8},"end":{"line":101,"column":26}},"23":{"start":{"line":109,"column":22},"end":{"line":111,"column":17}},"24":{"start":{"line":110,"column":4},"end":{"line":110,"column":52}},"25":{"start":{"line":113,"column":20},"end":{"line":115,"column":17}},"26":{"start":{"line":114,"column":4},"end":{"line":114,"column":50}},"27":{"start":{"line":117,"column":19},"end":{"line":119,"column":17}},"28":{"start":{"line":118,"column":4},"end":{"line":118,"column":49}},"29":{"start":{"line":121,"column":22},"end":{"line":123,"column":17}},"30":{"start":{"line":122,"column":4},"end":{"line":122,"column":52}},"31":{"start":{"line":128,"column":29},"end":{"line":140,"column":3}},"32":{"start":{"line":129,"column":4},"end":{"line":139,"column":5}},"33":{"start":{"line":131,"column":8},"end":{"line":131,"column":25}},"34":{"start":{"line":133,"column":8},"end":{"line":133,"column":25}},"35":{"start":{"line":135,"column":8},"end":{"line":135,"column":25}},"36":{"start":{"line":138,"column":8},"end":{"line":138,"column":25}},"37":{"start":{"line":145,"column":18},"end":{"line":157,"column":3}},"38":{"start":{"line":146,"column":4},"end":{"line":156,"column":5}},"39":{"start":{"line":148,"column":8},"end":{"line":148,"column":19}},"40":{"start":{"line":150,"column":8},"end":{"line":150,"column":19}},"41":{"start":{"line":152,"column":8},"end":{"line":152,"column":19}},"42":{"start":{"line":155,"column":8},"end":{"line":155,"column":19}},"43":{"start":{"line":159,"column":35},"end":{"line":165,"column":4}},"44":{"start":{"line":167,"column":2},"end":{"line":186,"column":4}},"45":{"start":{"line":55,"column":13},"end":{"line":55,"column":59}},"46":{"start":{"line":192,"column":24},"end":{"line":200,"column":1}},"47":{"start":{"line":193,"column":18},"end":{"line":193,"column":42}},"48":{"start":{"line":195,"column":2},"end":{"line":197,"column":3}},"49":{"start":{"line":196,"column":4},"end":{"line":196,"column":68}},"50":{"start":{"line":199,"column":2},"end":{"line":199,"column":17}},"51":{"start":{"line":192,"column":13},"end":{"line":192,"column":24}},"52":{"start":{"line":202,"column":18},"end":{"line":202,"column":42}},"53":{"start":{"line":204,"column":15},"end":{"line":234,"column":2}}},"fnMap":{"0":{"name":"(anonymous_9)","decl":{"start":{"line":14,"column":0},"end":{"line":14,"column":12}},"loc":{"start":{"line":14,"column":21},"end":{"line":19,"column":1}}},"1":{"name":"(anonymous_10)","decl":{"start":{"line":55,"column":59},"end":{"line":55,"column":60}},"loc":{"start":{"line":55,"column":76},"end":{"line":187,"column":1}}},"2":{"name":"(anonymous_11)","decl":{"start":{"line":65,"column":32},"end":{"line":65,"column":33}},"loc":{"start":{"line":65,"column":56},"end":{"line":104,"column":3}}},"3":{"name":"(anonymous_12)","decl":{"start":{"line":88,"column":15},"end":{"line":88,"column":18}},"loc":{"start":{"line":88,"column":20},"end":{"line":103,"column":5}}},"4":{"name":"(anonymous_13)","decl":{"start":{"line":100,"column":15},"end":{"line":100,"column":18}},"loc":{"start":{"line":100,"column":20},"end":{"line":102,"column":7}}},"5":{"name":"(anonymous_14)","decl":{"start":{"line":109,"column":34},"end":{"line":109,"column":35}},"loc":{"start":{"line":109,"column":54},"end":{"line":111,"column":3}}},"6":{"name":"(anonymous_15)","decl":{"start":{"line":113,"column":32},"end":{"line":113,"column":33}},"loc":{"start":{"line":113,"column":52},"end":{"line":115,"column":3}}},"7":{"name":"(anonymous_16)","decl":{"start":{"line":117,"column":31},"end":{"line":117,"column":32}},"loc":{"start":{"line":117,"column":51},"end":{"line":119,"column":3}}},"8":{"name":"(anonymous_17)","decl":{"start":{"line":121,"column":34},"end":{"line":121,"column":35}},"loc":{"start":{"line":121,"column":54},"end":{"line":123,"column":3}}},"9":{"name":"(anonymous_18)","decl":{"start":{"line":128,"column":29},"end":{"line":128,"column":40}},"loc":{"start":{"line":128,"column":42},"end":{"line":140,"column":3}}},"10":{"name":"(anonymous_19)","decl":{"start":{"line":145,"column":18},"end":{"line":145,"column":29}},"loc":{"start":{"line":145,"column":31},"end":{"line":157,"column":3}}},"11":{"name":"(anonymous_20)","decl":{"start":{"line":192,"column":24},"end":{"line":192,"column":46}},"loc":{"start":{"line":192,"column":48},"end":{"line":200,"column":1}}}},"branchMap":{"0":{"loc":{"start":{"line":14,"column":12},"end":{"line":14,"column":null}},"type":"binary-expr","locations":[{"start":{"line":14,"column":12},"end":{"line":14,"column":21}},{"start":{"line":14,"column":21},"end":{"line":14,"column":null}}]},"1":{"loc":{"start":{"line":66,"column":27},"end":{"line":66,"column":42}},"type":"default-arg","locations":[{"start":{"line":66,"column":38},"end":{"line":66,"column":42}}]},"2":{"loc":{"start":{"line":129,"column":4},"end":{"line":139,"column":5}},"type":"switch","locations":[{"start":{"line":130,"column":6},"end":{"line":131,"column":25}},{"start":{"line":132,"column":6},"end":{"line":133,"column":25}},{"start":{"line":134,"column":6},"end":{"line":135,"column":25}},{"start":{"line":136,"column":6},"end":{"line":136,"column":26}},{"start":{"line":137,"column":6},"end":{"line":138,"column":25}}]},"3":{"loc":{"start":{"line":146,"column":4},"end":{"line":156,"column":5}},"type":"switch","locations":[{"start":{"line":147,"column":6},"end":{"line":148,"column":19}},{"start":{"line":149,"column":6},"end":{"line":150,"column":19}},{"start":{"line":151,"column":6},"end":{"line":152,"column":19}},{"start":{"line":153,"column":6},"end":{"line":153,"column":26}},{"start":{"line":154,"column":6},"end":{"line":155,"column":19}}]},"4":{"loc":{"start":{"line":170,"column":7},"end":{"line":183,"column":null}},"type":"binary-expr","locations":[{"start":{"line":170,"column":7},"end":{"line":170,"column":14}},{"start":{"line":171,"column":8},"end":{"line":182,"column":null}}]},"5":{"loc":{"start":{"line":195,"column":2},"end":{"line":197,"column":3}},"type":"if","locations":[{"start":{"line":195,"column":2},"end":{"line":197,"column":3}},{"start":{},"end":{}}]}},"s":{"0":0,"1":0,"2":0,"3":0,"4":0,"5":0,"6":0,"7":0,"8":0,"9":0,"10":0,"11":0,"12":0,"13":0,"14":0,"15":0,"16":0,"17":0,"18":0,"19":0,"20":0,"21":0,"22":0,"23":0,"24":0,"25":0,"26":0,"27":0,"28":0,"29":0,"30":0,"31":0,"32":0,"33":0,"34":0,"35":0,"36":0,"37":0,"38":0,"39":0,"40":0,"41":0,"42":0,"43":0,"44":0,"45":0,"46":0,"47":0,"48":0,"49":0,"50":0,"51":0,"52":0,"53":0},"f":{"0":0,"1":0,"2":0,"3":0,"4":0,"5":0,"6":0,"7":0,"8":0,"9":0,"10":0,"11":0},"b":{"0":[0,0],"1":[0],"2":[0,0,0,0,0],"3":[0,0,0,0,0],"4":[0,0],"5":[0,0]}}
,"C:\\Users\\ASUS\\OneDrive\\CODES\\BudgetTracker-App\\budget-tracker\\src\\utils\\index.ts": {"path":"C:\\Users\\ASUS\\OneDrive\\CODES\\BudgetTracker-App\\budget-tracker\\src\\utils\\index.ts","statementMap":{"0":{"start":{"line":7,"column":0},"end":{"line":7,"column":31}},"1":{"start":{"line":8,"column":0},"end":{"line":8,"column":24}}},"fnMap":{},"branchMap":{},"s":{"0":0,"1":0},"f":{},"b":{}}
}
