TN:
SF:src\contexts\DataContext.tsx
FN:54,(anonymous_9)
FN:65,(anonymous_10)
FN:69,(anonymous_11)
FN:70,(anonymous_12)
FN:78,(anonymous_13)
FN:84,(anonymous_14)
FN:86,(anonymous_15)
FN:89,(anonymous_16)
FN:91,(anonymous_17)
FN:121,(anonymous_18)
FN:129,(anonymous_19)
FN:147,(anonymous_20)
FN:165,(anonymous_21)
FN:178,(anonymous_22)
FN:207,(anonymous_23)
FNF:15
FNH:0
FNDA:0,(anonymous_9)
FNDA:0,(anonymous_10)
FNDA:0,(anonymous_11)
FNDA:0,(anonymous_12)
FNDA:0,(anonymous_13)
FNDA:0,(anonymous_14)
FNDA:0,(anonymous_15)
FNDA:0,(anonymous_16)
FNDA:0,(anonymous_17)
FNDA:0,(anonymous_18)
FNDA:0,(anonymous_19)
FNDA:0,(anonymous_20)
FNDA:0,(anonymous_21)
FNDA:0,(anonymous_22)
FNDA:0,(anonymous_23)
DA:9,0
DA:11,0
DA:38,0
DA:54,0
DA:55,0
DA:56,0
DA:57,0
DA:58,0
DA:59,0
DA:65,0
DA:69,0
DA:70,0
DA:71,0
DA:78,0
DA:79,0
DA:80,0
DA:83,0
DA:86,0
DA:87,0
DA:91,0
DA:92,0
DA:98,0
DA:99,0
DA:100,0
DA:103,0
DA:104,0
DA:106,0
DA:108,0
DA:109,0
DA:110,0
DA:111,0
DA:113,0
DA:121,0
DA:122,0
DA:129,0
DA:130,0
DA:133,0
DA:134,0
DA:137,0
DA:138,0
DA:140,0
DA:147,0
DA:148,0
DA:151,0
DA:152,0
DA:155,0
DA:156,0
DA:158,0
DA:165,0
DA:166,0
DA:169,0
DA:171,0
DA:178,0
DA:179,0
DA:182,0
DA:194,0
DA:207,0
DA:208,0
DA:210,0
DA:211,0
DA:214,0
LF:61
LH:0
BRDA:210,0,0,0
BRDA:210,0,1,0
BRF:2
BRH:0
end_of_record
TN:
SF:src\contexts\ThemeContext.tsx
FN:47,(anonymous_9)
FN:55,(anonymous_10)
FN:56,(anonymous_11)
FN:79,(anonymous_12)
FN:98,(anonymous_13)
FN:103,(anonymous_14)
FN:130,(anonymous_15)
FNF:7
FNH:0
FNDA:0,(anonymous_9)
FNDA:0,(anonymous_10)
FNDA:0,(anonymous_11)
FNDA:0,(anonymous_12)
FNDA:0,(anonymous_13)
FNDA:0,(anonymous_14)
FNDA:0,(anonymous_15)
DA:9,0
DA:11,0
DA:31,0
DA:47,0
DA:48,0
DA:49,0
DA:55,0
DA:56,0
DA:57,0
DA:58,0
DA:59,0
DA:60,0
DA:62,0
DA:64,0
DA:66,0
DA:70,0
DA:79,0
DA:80,0
DA:82,0
DA:85,0
DA:87,0
DA:88,0
DA:98,0
DA:99,0
DA:100,0
DA:103,0
DA:104,0
DA:107,0
DA:110,0
DA:117,0
DA:130,0
DA:131,0
DA:133,0
DA:134,0
DA:137,0
LF:35
LH:0
BRDA:133,0,0,0
BRDA:133,0,1,0
BRF:2
BRH:0
end_of_record
TN:
SF:src\contexts\index.ts
FN:7,(anonymous_0)
FN:7,(anonymous_1)
FN:8,(anonymous_2)
FN:8,(anonymous_3)
FNF:4
FNH:0
FNDA:0,(anonymous_0)
FNDA:0,(anonymous_1)
FNDA:0,(anonymous_2)
FNDA:0,(anonymous_3)
DA:7,0
DA:8,0
LF:2
LH:0
BRF:0
BRH:0
end_of_record
TN:
SF:src\managers\analytics.manager.ts
FN:33,(anonymous_0)
FN:41,(anonymous_1)
FN:70,(anonymous_2)
FN:74,(anonymous_3)
FN:87,(anonymous_4)
FN:89,(anonymous_5)
FNF:6
FNH:6
FNDA:8,(anonymous_0)
FNDA:16,(anonymous_1)
FNDA:21,(anonymous_2)
FNDA:25,(anonymous_3)
FNDA:2,(anonymous_4)
FNDA:3,(anonymous_5)
DA:9,1
DA:10,1
DA:35,8
DA:38,8
DA:41,16
DA:44,8
DA:46,8
DA:47,16
DA:48,16
DA:52,8
DA:54,8
DA:55,25
DA:59,25
DA:61,25
DA:70,21
DA:74,8
DA:75,25
DA:78,8
DA:88,2
DA:89,3
DA:96,1
LF:21
LH:21
BRDA:47,0,0,16
BRDA:47,0,1,13
BRDA:55,1,0,25
BRDA:55,1,1,12
BRDA:59,2,0,22
BRDA:59,2,1,3
BRF:6
BRH:6
end_of_record
TN:
SF:src\managers\budget.manager.ts
FN:33,(anonymous_0)
FN:71,(anonymous_1)
FNF:2
FNH:2
FNDA:9,(anonymous_0)
FNDA:14,(anonymous_1)
DA:8,1
DA:35,9
DA:36,1
DA:40,8
DA:41,1
DA:45,7
DA:49,7
DA:50,7
DA:52,7
DA:74,14
DA:77,14
DA:84,1
LF:12
LH:12
BRDA:35,0,0,1
BRDA:35,0,1,8
BRDA:40,1,0,1
BRDA:40,1,1,7
BRDA:49,2,0,0
BRDA:49,2,1,7
BRF:6
BRH:5
end_of_record
TN:
SF:src\managers\category.manager.ts
FN:45,(anonymous_0)
FN:75,(anonymous_1)
FN:85,(anonymous_2)
FN:99,(anonymous_3)
FNF:4
FNH:4
FNDA:7,(anonymous_0)
FNDA:11,(anonymous_1)
FNDA:4,(anonymous_2)
FNDA:4,(anonymous_3)
DA:8,2
DA:10,2
DA:11,2
DA:17,2
DA:47,7
DA:48,7
DA:49,2
DA:53,5
DA:56,5
DA:63,5
DA:65,5
DA:76,11
DA:87,4
DA:90,3
DA:100,4
DA:107,2
DA:112,2
LF:17
LH:17
BRDA:48,0,0,2
BRDA:48,0,1,5
BRDA:49,1,0,2
BRDA:49,1,1,0
BRF:4
BRH:3
end_of_record
TN:
SF:src\managers\data.manager.ts
FN:34,(anonymous_0)
FN:54,(anonymous_1)
FN:64,(anonymous_2)
FN:65,(anonymous_3)
FN:91,(anonymous_4)
FN:115,(anonymous_5)
FN:123,(anonymous_6)
FNF:7
FNH:7
FNDA:4,(anonymous_0)
FNDA:8,(anonymous_1)
FNDA:9,(anonymous_2)
FNDA:3,(anonymous_3)
FNDA:4,(anonymous_4)
FNDA:24,(anonymous_5)
FNDA:37,(anonymous_6)
DA:9,1
DA:10,1
DA:11,1
DA:37,4
DA:40,4
DA:43,4
DA:56,8
DA:57,8
DA:60,8
DA:61,8
DA:64,9
DA:65,8
DA:68,8
DA:69,8
DA:72,8
DA:73,8
DA:74,8
DA:76,8
DA:93,4
DA:94,4
DA:97,4
DA:98,4
DA:100,4
DA:120,24
DA:121,24
DA:123,24
DA:124,37
DA:132,1
LF:28
LH:28
BRDA:124,0,0,37
BRDA:124,0,1,26
BRF:2
BRH:2
end_of_record
TN:
SF:src\managers\earnings.manager.ts
FN:34,(anonymous_0)
FN:66,(anonymous_1)
FN:76,(anonymous_2)
FN:78,(anonymous_3)
FNF:4
FNH:4
FNDA:8,(anonymous_0)
FNDA:5,(anonymous_1)
FNDA:3,(anonymous_2)
FNDA:4,(anonymous_3)
DA:8,2
DA:10,2
DA:11,2
DA:36,8
DA:37,2
DA:41,6
DA:44,6
DA:47,6
DA:54,6
DA:56,6
DA:67,5
DA:77,3
DA:78,4
DA:85,2
LF:14
LH:14
BRDA:36,0,0,2
BRDA:36,0,1,6
BRF:2
BRH:2
end_of_record
TN:
SF:src\managers\expense.manager.ts
FN:37,(anonymous_0)
FN:50,(anonymous_1)
FN:83,(anonymous_2)
FN:93,(anonymous_3)
FN:95,(anonymous_4)
FN:105,(anonymous_5)
FN:107,(anonymous_6)
FNF:7
FNH:7
FNDA:13,(anonymous_0)
FNDA:15,(anonymous_1)
FNDA:5,(anonymous_2)
FNDA:3,(anonymous_3)
FNDA:4,(anonymous_4)
FNDA:4,(anonymous_5)
FNDA:20,(anonymous_6)
DA:8,2
DA:10,2
DA:11,2
DA:12,2
DA:39,13
DA:40,2
DA:44,11
DA:45,2
DA:49,9
DA:50,15
DA:52,9
DA:53,1
DA:57,8
DA:60,8
DA:63,8
DA:71,8
DA:73,8
DA:84,5
DA:94,3
DA:95,4
DA:106,4
DA:107,20
DA:114,2
LF:23
LH:23
BRDA:39,0,0,2
BRDA:39,0,1,11
BRDA:44,1,0,2
BRDA:44,1,1,9
BRDA:44,2,0,11
BRDA:44,2,1,10
BRDA:52,3,0,1
BRDA:52,3,1,8
BRF:8
BRH:8
end_of_record
TN:
SF:src\managers\index.ts
FN:7,(anonymous_0)
FN:8,(anonymous_1)
FN:8,(anonymous_2)
FN:9,(anonymous_3)
FN:10,(anonymous_4)
FN:11,(anonymous_5)
FN:12,(anonymous_6)
FN:13,(anonymous_7)
FNF:8
FNH:0
FNDA:0,(anonymous_0)
FNDA:0,(anonymous_1)
FNDA:0,(anonymous_2)
FNDA:0,(anonymous_3)
FNDA:0,(anonymous_4)
FNDA:0,(anonymous_5)
FNDA:0,(anonymous_6)
FNDA:0,(anonymous_7)
DA:7,0
DA:8,0
DA:9,0
DA:10,0
DA:11,0
DA:12,0
DA:13,0
LF:7
LH:0
BRF:0
BRH:0
end_of_record
TN:
SF:src\managers\theme.manager.ts
FN:38,(anonymous_0)
FN:53,(anonymous_1)
FN:67,(anonymous_2)
FNF:3
FNH:3
FNDA:7,(anonymous_0)
FNDA:6,(anonymous_1)
FNDA:3,(anonymous_2)
DA:9,2
DA:15,2
DA:39,7
DA:44,7
DA:55,6
DA:58,6
DA:68,3
DA:75,2
LF:8
LH:8
BRDA:58,0,0,6
BRDA:58,0,1,3
BRF:2
BRH:2
end_of_record
TN:
SF:src\navigation\AppNavigator.tsx
FN:48,(anonymous_1)
FNF:1
FNH:0
FNDA:0,(anonymous_1)
DA:9,0
DA:10,0
DA:11,0
DA:12,0
DA:13,0
DA:39,0
DA:48,0
DA:49,0
DA:51,0
LF:9
LH:0
BRF:0
BRH:0
end_of_record
TN:
SF:src\navigation\index.ts
FN:7,(anonymous_0)
FNF:1
FNH:0
FNDA:0,(anonymous_0)
DA:7,0
LF:1
LH:0
BRF:0
BRH:0
end_of_record
TN:
SF:src\screens\AddEarningScreen.tsx
FN:29,(anonymous_9)
FN:42,(anonymous_10)
FN:55,(anonymous_11)
FNF:3
FNH:0
FNDA:0,(anonymous_9)
FNDA:0,(anonymous_10)
FNDA:0,(anonymous_11)
DA:8,0
DA:9,0
DA:12,0
DA:13,0
DA:14,0
DA:15,0
DA:29,0
DA:30,0
DA:31,0
DA:32,0
DA:34,0
DA:35,0
DA:36,0
DA:42,0
DA:43,0
DA:46,0
DA:47,0
DA:55,0
DA:57,0
DA:59,0
DA:60,0
DA:61,0
DA:64,0
DA:65,0
DA:68,0
DA:69,0
DA:72,0
DA:75,0
DA:76,0
DA:77,0
DA:80,0
DA:82,0
DA:86,0
DA:138,0
LF:34
LH:0
BRDA:46,0,0,0
BRDA:46,0,1,0
BRDA:59,1,0,0
BRDA:59,1,1,0
BRDA:89,2,0,0
BRDA:89,2,1,0
BRDA:104,3,0,0
BRDA:104,3,1,0
BRDA:105,4,0,0
BRDA:105,4,1,0
BRDA:114,5,0,0
BRDA:114,5,1,0
BRDA:122,6,0,0
BRDA:122,6,1,0
BRDA:129,7,0,0
BRDA:129,7,1,0
BRF:16
BRH:0
end_of_record
TN:
SF:src\screens\AddExpenseScreen.tsx
FN:30,(anonymous_9)
FN:45,(anonymous_10)
FN:58,(anonymous_11)
FN:71,(anonymous_12)
FN:99,(anonymous_13)
FN:167,(anonymous_14)
FNF:6
FNH:0
FNDA:0,(anonymous_9)
FNDA:0,(anonymous_10)
FNDA:0,(anonymous_11)
FNDA:0,(anonymous_12)
FNDA:0,(anonymous_13)
FNDA:0,(anonymous_14)
DA:8,0
DA:9,0
DA:10,0
DA:13,0
DA:14,0
DA:15,0
DA:16,0
DA:30,0
DA:31,0
DA:32,0
DA:33,0
DA:34,0
DA:35,0
DA:37,0
DA:38,0
DA:39,0
DA:45,0
DA:46,0
DA:49,0
DA:50,0
DA:58,0
DA:59,0
DA:62,0
DA:63,0
DA:71,0
DA:72,0
DA:75,0
DA:76,0
DA:77,0
DA:78,0
DA:82,0
DA:83,0
DA:84,0
DA:87,0
DA:88,0
DA:91,0
DA:92,0
DA:95,0
DA:96,0
DA:99,0
DA:100,0
DA:103,0
DA:106,0
DA:107,0
DA:108,0
DA:109,0
DA:110,0
DA:113,0
DA:115,0
DA:119,0
DA:168,0
DA:200,0
LF:52
LH:0
BRDA:49,0,0,0
BRDA:49,0,1,0
BRDA:62,1,0,0
BRDA:62,1,1,0
BRDA:76,2,0,0
BRDA:76,2,1,0
BRDA:82,3,0,0
BRDA:82,3,1,0
BRDA:87,4,0,0
BRDA:87,4,1,0
BRDA:100,5,0,0
BRDA:100,5,1,0
BRDA:122,6,0,0
BRDA:122,6,1,0
BRDA:137,7,0,0
BRDA:137,7,1,0
BRDA:138,8,0,0
BRDA:138,8,1,0
BRDA:147,9,0,0
BRDA:147,9,1,0
BRDA:156,10,0,0
BRDA:156,10,1,0
BRDA:157,11,0,0
BRDA:157,11,1,0
BRDA:176,12,0,0
BRDA:176,12,1,0
BRDA:184,13,0,0
BRDA:184,13,1,0
BRDA:191,14,0,0
BRDA:191,14,1,0
BRF:30
BRH:0
end_of_record
TN:
SF:src\screens\AnalyticsScreen.tsx
FN:29,(anonymous_9)
FN:40,(anonymous_10)
FN:48,(anonymous_11)
FN:70,(anonymous_12)
FN:128,(anonymous_13)
FNF:5
FNH:0
FNDA:0,(anonymous_9)
FNDA:0,(anonymous_10)
FNDA:0,(anonymous_11)
FNDA:0,(anonymous_12)
FNDA:0,(anonymous_13)
DA:8,0
DA:9,0
DA:12,0
DA:13,0
DA:15,0
DA:29,0
DA:30,0
DA:31,0
DA:32,0
DA:34,0
DA:40,0
DA:41,0
DA:48,0
DA:49,0
DA:50,0
DA:52,0
DA:57,0
DA:58,0
DA:60,0
DA:62,0
DA:70,0
DA:71,0
DA:103,0
DA:104,0
DA:112,0
DA:128,0
DA:144,0
LF:27
LH:0
BRDA:79,0,0,0
BRDA:79,0,1,0
BRDA:103,1,0,0
BRDA:103,1,1,0
BRF:4
BRH:0
end_of_record
TN:
SF:src\screens\BudgetEstimatorScreen.tsx
FN:29,(anonymous_10)
FN:49,(anonymous_11)
FN:64,(anonymous_12)
FN:72,(anonymous_13)
FN:83,(anonymous_14)
FN:93,(anonymous_15)
FN:130,(anonymous_16)
FN:141,(anonymous_17)
FNF:8
FNH:0
FNDA:0,(anonymous_10)
FNDA:0,(anonymous_11)
FNDA:0,(anonymous_12)
FNDA:0,(anonymous_13)
FNDA:0,(anonymous_14)
FNDA:0,(anonymous_15)
FNDA:0,(anonymous_16)
FNDA:0,(anonymous_17)
DA:8,0
DA:9,0
DA:10,0
DA:13,0
DA:14,0
DA:29,0
DA:30,0
DA:31,0
DA:34,0
DA:35,0
DA:36,0
DA:39,0
DA:40,0
DA:43,0
DA:49,0
DA:50,0
DA:52,0
DA:53,0
DA:54,0
DA:57,0
DA:64,0
DA:65,0
DA:72,0
DA:73,0
DA:74,0
DA:75,0
DA:83,0
DA:84,0
DA:85,0
DA:86,0
DA:93,0
DA:94,0
DA:101,0
DA:130,0
DA:141,0
DA:205,0
LF:36
LH:0
BRDA:50,0,0,0
BRDA:50,0,1,0
BRDA:74,1,0,0
BRDA:74,1,1,0
BRDA:85,2,0,0
BRDA:85,2,1,0
BRDA:149,3,0,0
BRDA:149,3,1,0
BRDA:153,4,0,0
BRDA:153,4,1,0
BRDA:157,5,0,0
BRDA:157,5,1,0
BRDA:161,6,0,0
BRDA:161,6,1,0
BRDA:167,7,0,0
BRDA:167,7,1,0
BRDA:193,8,0,0
BRDA:193,8,1,0
BRF:18
BRH:0
end_of_record
TN:
SF:src\screens\CategoryManagerScreen.tsx
FN:30,(anonymous_9)
FN:43,(anonymous_10)
FN:56,(anonymous_11)
FN:89,(anonymous_12)
FN:153,(anonymous_13)
FNF:5
FNH:0
FNDA:0,(anonymous_9)
FNDA:0,(anonymous_10)
FNDA:0,(anonymous_11)
FNDA:0,(anonymous_12)
FNDA:0,(anonymous_13)
DA:8,0
DA:9,0
DA:12,0
DA:13,0
DA:15,0
DA:16,0
DA:30,0
DA:31,0
DA:32,0
DA:33,0
DA:35,0
DA:36,0
DA:37,0
DA:43,0
DA:44,0
DA:47,0
DA:48,0
DA:56,0
DA:58,0
DA:60,0
DA:61,0
DA:62,0
DA:65,0
DA:66,0
DA:69,0
DA:72,0
DA:75,0
DA:76,0
DA:79,0
DA:81,0
DA:89,0
DA:90,0
DA:102,0
DA:153,0
DA:165,0
LF:35
LH:0
BRDA:47,0,0,0
BRDA:47,0,1,0
BRDA:60,1,0,0
BRDA:60,1,1,0
BRDA:93,2,0,0
BRDA:93,2,1,0
BRDA:105,3,0,0
BRDA:105,3,1,0
BRDA:119,4,0,0
BRDA:119,4,1,0
BRDA:120,5,0,0
BRDA:120,5,1,0
BRDA:128,6,0,0
BRDA:128,6,1,0
BRDA:135,7,0,0
BRDA:135,7,1,0
BRDA:142,8,0,0
BRDA:142,8,1,0
BRF:18
BRH:0
end_of_record
TN:
SF:src\screens\DataManagementScreen.tsx
FN:33,(anonymous_10)
FN:58,(anonymous_11)
FN:81,(anonymous_12)
FN:93,(anonymous_13)
FN:104,(anonymous_14)
FN:115,(anonymous_15)
FN:152,(anonymous_16)
FN:168,(anonymous_17)
FN:194,(anonymous_18)
FN:223,(anonymous_19)
FN:240,(anonymous_20)
FN:267,(anonymous_21)
FN:279,(anonymous_22)
FN:297,(anonymous_23)
FN:307,(anonymous_24)
FNF:15
FNH:0
FNDA:0,(anonymous_10)
FNDA:0,(anonymous_11)
FNDA:0,(anonymous_12)
FNDA:0,(anonymous_13)
FNDA:0,(anonymous_14)
FNDA:0,(anonymous_15)
FNDA:0,(anonymous_16)
FNDA:0,(anonymous_17)
FNDA:0,(anonymous_18)
FNDA:0,(anonymous_19)
FNDA:0,(anonymous_20)
FNDA:0,(anonymous_21)
FNDA:0,(anonymous_22)
FNDA:0,(anonymous_23)
FNDA:0,(anonymous_24)
DA:8,0
DA:9,0
DA:10,0
DA:11,0
DA:14,0
DA:15,0
DA:16,0
DA:17,0
DA:33,0
DA:34,0
DA:35,0
DA:36,0
DA:39,0
DA:42,0
DA:43,0
DA:44,0
DA:47,0
DA:48,0
DA:49,0
DA:50,0
DA:53,0
DA:58,0
DA:63,0
DA:81,0
DA:82,0
DA:93,0
DA:94,0
DA:95,0
DA:96,0
DA:104,0
DA:105,0
DA:106,0
DA:107,0
DA:115,0
DA:116,0
DA:121,0
DA:123,0
DA:124,0
DA:126,0
DA:127,0
DA:129,0
DA:130,0
DA:133,0
DA:136,0
DA:153,0
DA:159,0
DA:160,0
DA:168,0
DA:169,0
DA:170,0
DA:173,0
DA:175,0
DA:178,0
DA:182,0
DA:185,0
DA:194,0
DA:199,0
DA:200,0
DA:202,0
DA:206,0
DA:223,0
DA:240,0
DA:268,0
DA:280,0
DA:297,0
DA:307,0
DA:359,0
LF:67
LH:0
BRDA:95,0,0,0
BRDA:95,0,1,0
BRDA:106,1,0,0
BRDA:106,1,1,0
BRDA:121,2,0,0
BRDA:121,2,1,0
BRDA:173,3,0,0
BRDA:173,3,1,0
BRDA:221,4,0,0
BRDA:221,4,1,0
BRDA:229,5,0,0
BRDA:229,5,1,0
BRDA:238,6,0,0
BRDA:238,6,1,0
BRDA:246,7,0,0
BRDA:246,7,1,0
BRDA:256,8,0,0
BRDA:256,8,1,0
BRDA:289,9,0,0
BRDA:289,9,1,0
BRDA:316,10,0,0
BRDA:316,10,1,0
BRDA:320,11,0,0
BRDA:320,11,1,0
BRDA:324,12,0,0
BRDA:324,12,1,0
BRDA:328,13,0,0
BRDA:328,13,1,0
BRDA:337,14,0,0
BRDA:337,14,1,0
BRDA:344,15,0,0
BRDA:344,15,1,0
BRF:32
BRH:0
end_of_record
TN:
SF:src\screens\HomeScreen.tsx
FN:26,(anonymous_1)
FN:57,(anonymous_2)
FN:61,(anonymous_3)
FNF:3
FNH:0
FNDA:0,(anonymous_1)
FNDA:0,(anonymous_2)
FNDA:0,(anonymous_3)
DA:8,0
DA:9,0
DA:12,0
DA:26,0
DA:27,0
DA:28,0
DA:30,0
DA:40,0
DA:58,0
DA:61,0
DA:74,0
LF:11
LH:0
BRDA:46,0,0,0
BRDA:46,0,1,0
BRF:2
BRH:0
end_of_record
TN:
SF:src\screens\SettingsScreen.tsx
FN:43,(anonymous_9)
FN:52,(anonymous_10)
FN:72,(anonymous_11)
FN:83,(anonymous_12)
FN:117,(anonymous_13)
FN:127,(anonymous_14)
FNF:6
FNH:0
FNDA:0,(anonymous_9)
FNDA:0,(anonymous_10)
FNDA:0,(anonymous_11)
FNDA:0,(anonymous_12)
FNDA:0,(anonymous_13)
FNDA:0,(anonymous_14)
DA:8,0
DA:9,0
DA:12,0
DA:13,0
DA:14,0
DA:26,0
DA:43,0
DA:44,0
DA:45,0
DA:46,0
DA:52,0
DA:53,0
DA:54,0
DA:57,0
DA:60,0
DA:62,0
DA:64,0
DA:72,0
DA:73,0
DA:84,0
DA:85,0
DA:92,0
DA:118,0
DA:120,0
DA:127,0
DA:173,0
LF:26
LH:0
BRDA:125,0,0,0
BRDA:125,0,1,0
BRDA:135,1,0,0
BRDA:135,1,1,0
BRDA:138,2,0,0
BRDA:138,2,1,0
BRDA:143,3,0,0
BRDA:143,3,1,0
BRF:8
BRH:0
end_of_record
TN:
SF:src\screens\index.ts
FN:7,(anonymous_0)
FN:8,(anonymous_1)
FN:9,(anonymous_2)
FN:10,(anonymous_3)
FN:11,(anonymous_4)
FN:12,(anonymous_5)
FN:13,(anonymous_6)
FN:14,(anonymous_7)
FNF:8
FNH:0
FNDA:0,(anonymous_0)
FNDA:0,(anonymous_1)
FNDA:0,(anonymous_2)
FNDA:0,(anonymous_3)
FNDA:0,(anonymous_4)
FNDA:0,(anonymous_5)
FNDA:0,(anonymous_6)
FNDA:0,(anonymous_7)
DA:7,0
DA:8,0
DA:9,0
DA:10,0
DA:11,0
DA:12,0
DA:13,0
DA:14,0
LF:8
LH:0
BRF:0
BRH:0
end_of_record
TN:
SF:src\services\index.ts
FNF:0
FNH:0
DA:7,0
DA:8,0
LF:2
LH:0
BRF:0
BRH:0
end_of_record
TN:
SF:src\services\storage.service.ts
FN:58,(anonymous_1)
FN:72,(anonymous_2)
FN:88,(anonymous_3)
FN:91,(anonymous_4)
FN:102,(anonymous_5)
FN:116,(anonymous_6)
FN:132,(anonymous_7)
FN:135,(anonymous_8)
FN:146,(anonymous_9)
FN:160,(anonymous_10)
FN:176,(anonymous_11)
FN:188,(anonymous_12)
FN:204,(anonymous_13)
FNF:13
FNH:13
FNDA:3,(anonymous_1)
FNDA:7,(anonymous_2)
FNDA:1,(anonymous_3)
FNDA:3,(anonymous_4)
FNDA:1,(anonymous_5)
FNDA:5,(anonymous_6)
FNDA:1,(anonymous_7)
FNDA:2,(anonymous_8)
FNDA:2,(anonymous_9)
FNDA:4,(anonymous_10)
FNDA:2,(anonymous_11)
FNDA:2,(anonymous_12)
FNDA:2,(anonymous_13)
DA:10,3
DA:16,3
DA:59,3
DA:60,3
DA:61,3
DA:62,3
DA:64,2
DA:73,7
DA:74,7
DA:75,7
DA:76,4
DA:78,3
DA:80,1
DA:89,1
DA:90,1
DA:91,3
DA:92,1
DA:94,0
DA:103,1
DA:104,1
DA:105,1
DA:106,1
DA:108,0
DA:117,5
DA:118,5
DA:119,4
DA:120,2
DA:122,2
DA:124,1
DA:133,1
DA:134,1
DA:135,2
DA:136,1
DA:138,0
DA:147,2
DA:148,2
DA:149,2
DA:150,2
DA:152,1
DA:161,4
DA:162,4
DA:163,4
DA:164,3
DA:166,1
DA:168,0
DA:177,2
DA:178,2
DA:180,1
DA:189,2
DA:190,2
DA:191,2
DA:192,1
DA:194,1
DA:196,0
DA:205,2
DA:206,2
DA:213,1
DA:221,3
DA:226,3
LF:59
LH:54
BRDA:64,0,0,2
BRDA:64,0,1,0
BRDA:75,1,0,4
BRDA:75,1,1,3
BRDA:80,2,0,1
BRDA:80,2,1,0
BRDA:94,3,0,0
BRDA:94,3,1,0
BRDA:108,4,0,0
BRDA:108,4,1,0
BRDA:119,5,0,2
BRDA:119,5,1,2
BRDA:124,6,0,1
BRDA:124,6,1,0
BRDA:138,7,0,0
BRDA:138,7,1,0
BRDA:152,8,0,1
BRDA:152,8,1,0
BRDA:163,9,0,3
BRDA:163,9,1,1
BRDA:168,10,0,0
BRDA:168,10,1,0
BRDA:180,11,0,1
BRDA:180,11,1,0
BRDA:191,12,0,1
BRDA:191,12,1,1
BRDA:196,13,0,0
BRDA:196,13,1,0
BRDA:213,14,0,1
BRDA:213,14,1,0
BRF:30
BRH:14
end_of_record
TN:
SF:src\services\validation.service.ts
FN:18,validatePositiveNumber
FN:66,validateNonEmptyString
FN:89,validateDateRange
FNF:3
FNH:3
FNDA:21,validatePositiveNumber
FNDA:18,validateNonEmptyString
FNDA:7,validateDateRange
DA:18,7
DA:20,21
DA:21,4
DA:28,17
DA:30,17
DA:31,4
DA:38,13
DA:39,7
DA:46,6
DA:47,1
DA:53,5
DA:66,7
DA:68,18
DA:69,8
DA:75,10
DA:89,7
DA:91,7
DA:92,2
DA:98,5
DA:99,1
DA:106,4
DA:107,1
DA:113,3
LF:23
LH:23
BRDA:20,0,0,4
BRDA:20,0,1,17
BRDA:20,1,0,21
BRDA:20,1,1,18
BRDA:30,2,0,4
BRDA:30,2,1,13
BRDA:38,3,0,7
BRDA:38,3,1,6
BRDA:46,4,0,1
BRDA:46,4,1,5
BRDA:68,5,0,8
BRDA:68,5,1,10
BRDA:68,6,0,18
BRDA:68,6,1,15
BRDA:91,7,0,2
BRDA:91,7,1,5
BRDA:91,8,0,7
BRDA:91,8,1,7
BRDA:98,9,0,1
BRDA:98,9,1,4
BRDA:98,10,0,5
BRDA:98,10,1,5
BRDA:106,11,0,1
BRDA:106,11,1,3
BRF:24
BRH:24
end_of_record
TN:
SF:src\utils\ErrorHandler.ts
FN:13,(anonymous_0)
FN:41,(anonymous_1)
FN:58,(anonymous_2)
FN:106,(anonymous_3)
FN:123,(anonymous_4)
FN:131,(anonymous_5)
FNF:6
FNH:0
FNDA:0,(anonymous_0)
FNDA:0,(anonymous_1)
FNDA:0,(anonymous_2)
FNDA:0,(anonymous_3)
FNDA:0,(anonymous_4)
FNDA:0,(anonymous_5)
DA:8,0
DA:13,0
DA:14,0
DA:15,0
DA:16,0
DA:17,0
DA:36,0
DA:42,0
DA:45,0
DA:48,0
DA:59,0
DA:61,0
DA:62,0
DA:71,0
DA:72,0
DA:81,0
DA:93,0
DA:107,0
DA:109,0
DA:111,0
DA:113,0
DA:115,0
DA:124,0
DA:132,0
DA:133,0
LF:25
LH:0
BRDA:13,0,0,0
BRDA:13,0,1,0
BRDA:45,1,0,0
BRDA:45,1,1,0
BRDA:59,2,0,0
BRDA:59,2,1,0
BRDA:61,3,0,0
BRDA:61,3,1,0
BRDA:61,4,0,0
BRDA:61,4,1,0
BRDA:71,5,0,0
BRDA:71,5,1,0
BRDA:71,6,0,0
BRDA:71,6,1,0
BRDA:85,7,0,0
BRDA:85,7,1,0
BRDA:96,8,0,0
BRDA:96,8,1,0
BRDA:107,9,0,0
BRDA:107,9,1,0
BRDA:107,9,2,0
BRDA:107,9,3,0
BRF:22
BRH:0
end_of_record
TN:
SF:src\utils\Toast.tsx
FN:14,(anonymous_9)
FN:55,(anonymous_10)
FN:65,(anonymous_11)
FN:88,(anonymous_12)
FN:100,(anonymous_13)
FN:109,(anonymous_14)
FN:113,(anonymous_15)
FN:117,(anonymous_16)
FN:121,(anonymous_17)
FN:128,(anonymous_18)
FN:145,(anonymous_19)
FN:192,(anonymous_20)
FNF:12
FNH:0
FNDA:0,(anonymous_9)
FNDA:0,(anonymous_10)
FNDA:0,(anonymous_11)
FNDA:0,(anonymous_12)
FNDA:0,(anonymous_13)
FNDA:0,(anonymous_14)
FNDA:0,(anonymous_15)
FNDA:0,(anonymous_16)
FNDA:0,(anonymous_17)
FNDA:0,(anonymous_18)
FNDA:0,(anonymous_19)
FNDA:0,(anonymous_20)
DA:8,0
DA:9,0
DA:14,0
DA:15,0
DA:16,0
DA:17,0
DA:18,0
DA:41,0
DA:55,0
DA:56,0
DA:57,0
DA:58,0
DA:59,0
DA:60,0
DA:65,0
DA:66,0
DA:68,0
DA:69,0
DA:70,0
DA:73,0
DA:88,0
DA:89,0
DA:101,0
DA:109,0
DA:110,0
DA:113,0
DA:114,0
DA:117,0
DA:118,0
DA:121,0
DA:122,0
DA:128,0
DA:129,0
DA:131,0
DA:133,0
DA:135,0
DA:138,0
DA:145,0
DA:146,0
DA:148,0
DA:150,0
DA:152,0
DA:155,0
DA:159,0
DA:167,0
DA:192,0
DA:193,0
DA:195,0
DA:196,0
DA:199,0
DA:202,0
DA:204,0
LF:52
LH:0
BRDA:14,0,0,0
BRDA:14,0,1,0
BRDA:66,1,0,0
BRDA:129,2,0,0
BRDA:129,2,1,0
BRDA:129,2,2,0
BRDA:129,2,3,0
BRDA:129,2,4,0
BRDA:146,3,0,0
BRDA:146,3,1,0
BRDA:146,3,2,0
BRDA:146,3,3,0
BRDA:146,3,4,0
BRDA:170,4,0,0
BRDA:170,4,1,0
BRDA:195,5,0,0
BRDA:195,5,1,0
BRF:17
BRH:0
end_of_record
TN:
SF:src\utils\index.ts
FNF:0
FNH:0
DA:7,0
DA:8,0
LF:2
LH:0
BRF:0
BRH:0
end_of_record
